01:22:10: Creating resource group General
01:22:10: Creating resource group Internal
01:22:10: Creating resource group Autodetect
01:22:10: SceneManagerFactory for type 'DefaultSceneManager' registered.
01:22:10: Registering ResourceManager for type Material
01:22:10: Registering ResourceManager for type Mesh
01:22:10: Registering ResourceManager for type Skeleton
01:22:10: MovableObjectFactory for type 'ParticleSystem' registered.
01:22:10: ArchiveFactory for archive type FileSystem registered.
01:22:10: ArchiveFactory for archive type Zip registered.
01:22:10: ArchiveFactory for archive type EmbeddedZip registered.
01:22:10: DDS codec registering
01:22:10: FreeImage version: 3.18.0
01:22:10: This program uses FreeImage, a free, open source image library supporting all common bitmap formats. See http://freeimage.sourceforge.net for details
01:22:10: Supported formats: bmp,ico,jpg,jif,jpeg,jpe,jng,koa,iff,lbm,mng,pbm,pbm,pcd,pcx,pgm,pgm,png,ppm,ppm,ras,tga,targa,tif,tiff,wap,wbmp,wbm,psd,psb,cut,xbm,xpm,gif,hdr,g3,sgi,rgb,rgba,bw,exr,j2k,j2c,jp2,pfm,pct,pict,pic,3fr,arw,bay,bmq,cap,cine,cr2,crw,cs1,dc2,dcr,drf,dsc,dng,erf,fff,ia,iiq,k25,kc2,kdc,mdc,mef,mos,mrw,nef,nrw,orf,pef,ptx,pxn,qtk,raf,raw,rdc,rw2,rwl,rwz,sr2,srf,srw,sti,x3f,webp,jxr,wdp,hdp
01:22:10: PVRTC codec registering
01:22:10: ETC codec registering
01:22:10: Registering ResourceManager for type HighLevelGpuProgram
01:22:10: Registering ResourceManager for type Compositor
01:22:10: MovableObjectFactory for type 'Entity' registered.
01:22:10: MovableObjectFactory for type 'Light' registered.
01:22:10: MovableObjectFactory for type 'BillboardSet' registered.
01:22:10: MovableObjectFactory for type 'ManualObject' registered.
01:22:10: MovableObjectFactory for type 'BillboardChain' registered.
01:22:10: MovableObjectFactory for type 'RibbonTrail' registered.
01:22:10: *-*-* OGRE Initialising
01:22:10: *-*-* Version 1.9.0 (Ghadamon)
01:22:10: OverlayElementFactory for type Panel registered.
01:22:10: OverlayElementFactory for type BorderPanel registered.
01:22:10: OverlayElementFactory for type TextArea registered.
01:22:10: Registering ResourceManager for type Font
01:22:10: Loading library /usr/lib/x86_64-linux-gnu/OGRE-1.9.0/RenderSystem_GL.so
01:22:10: Installing plugin: GL RenderSystem
01:22:10: OpenGL Rendering Subsystem created.
01:22:10: Plugin successfully installed
01:22:10: Loading library /usr/lib/x86_64-linux-gnu/OGRE-1.9.0/Plugin_ParticleFX.so
01:22:10: Installing plugin: ParticleFX
01:22:10: Particle Emitter Type 'Point' registered
01:22:10: Particle Emitter Type 'Box' registered
01:22:10: Particle Emitter Type 'Ellipsoid' registered
01:22:10: Particle Emitter Type 'Cylinder' registered
01:22:10: Particle Emitter Type 'Ring' registered
01:22:10: Particle Emitter Type 'HollowEllipsoid' registered
01:22:10: Particle Affector Type 'LinearForce' registered
01:22:10: Particle Affector Type 'ColourFader' registered
01:22:10: Particle Affector Type 'ColourFader2' registered
01:22:10: Particle Affector Type 'ColourImage' registered
01:22:10: Particle Affector Type 'ColourInterpolator' registered
01:22:10: Particle Affector Type 'Scaler' registered
01:22:10: Particle Affector Type 'Rotator' registered
01:22:10: Particle Affector Type 'DirectionRandomiser' registered
01:22:10: Particle Affector Type 'DeflectorPlane' registered
01:22:10: Plugin successfully installed
01:22:10: Loading library /usr/lib/x86_64-linux-gnu/OGRE-1.9.0/Plugin_BSPSceneManager.so
01:22:10: Installing plugin: BSP Scene Manager
01:22:10: Plugin successfully installed
01:22:10: Loading library /usr/lib/x86_64-linux-gnu/OGRE-1.9.0/Plugin_OctreeSceneManager.so
01:22:10: Installing plugin: Octree Scene Manager
01:22:10: Plugin successfully installed
01:22:10: CPU Identifier & Features
01:22:10: -------------------------
01:22:10:  *   CPU ID: GenuineIntel: 12th Gen Intel(R) Core(TM) i5-1245U
01:22:10:  *      SSE: yes
01:22:10:  *     SSE2: yes
01:22:10:  *     SSE3: yes
01:22:10:  *      MMX: yes
01:22:10:  *   MMXEXT: yes
01:22:10:  *    3DNOW: no
01:22:10:  * 3DNOWEXT: no
01:22:10:  *     CMOV: yes
01:22:10:  *      TSC: yes
01:22:10:  *      FPU: yes
01:22:10:  *      PRO: yes
01:22:10:  *       HT: no
01:22:10: -------------------------
01:22:10: ******************************
*** Starting GLX Subsystem ***
******************************
01:22:10: Registering ResourceManager for type Texture
01:22:10: Added resource location '/opt/ros/jazzy/opt/gz_rendering_vendor/share/gz/gz-rendering8/ogre/media' of type 'FileSystem' to resource group 'General'
01:22:10: Added resource location '/opt/ros/jazzy/opt/gz_rendering_vendor/share/gz/gz-rendering8/ogre/media/materials/programs' of type 'FileSystem' to resource group 'General'
01:22:10: Added resource location '/opt/ros/jazzy/opt/gz_rendering_vendor/share/gz/gz-rendering8/ogre/media/materials/scripts' of type 'FileSystem' to resource group 'General'
01:22:10: Added resource location '/opt/ros/jazzy/opt/gz_rendering_vendor/share/gz/gz-rendering8/ogre/media/materials/textures' of type 'FileSystem' to resource group 'General'
01:22:10: Creating resource group Fonts
01:22:10: Added resource location '/opt/ros/jazzy/opt/gz_rendering_vendor/share/gz/gz-rendering8/ogre/media/fonts' of type 'FileSystem' to resource group 'Fonts'
01:22:10: GLRenderSystem::_createRenderWindow "OgreWindow(0)_65011713", 1x1 windowed  miscParams: FSAA=0 border=none contentScalingFactor=1.000000 macAPI=cocoa macAPICocoaUseNSView=true parentWindowHandle=65011713 stereoMode=Frame Sequential 
01:22:10: GLXWindow::create used FBConfigID = 467
01:22:10: GL_VERSION = 4.6 (Compatibility Profile) Mesa 25.2.8-0ubuntu0.24.04.1
01:22:10: GL_VENDOR = Intel
01:22:10: GL_RENDERER = Mesa Intel(R) Graphics (ADL GT2)
01:22:10: GL_EXTENSIONS = GL_ARB_multisample GL_EXT_abgr GL_EXT_bgra GL_EXT_blend_color GL_EXT_blend_minmax GL_EXT_blend_subtract GL_EXT_copy_texture GL_EXT_subtexture GL_EXT_texture_object GL_EXT_vertex_array GL_EXT_compiled_vertex_array GL_EXT_texture GL_EXT_texture3D GL_IBM_rasterpos_clip GL_ARB_point_parameters GL_EXT_draw_range_elements GL_EXT_packed_pixels GL_EXT_point_parameters GL_EXT_rescale_normal GL_EXT_separate_specular_color GL_EXT_texture_edge_clamp GL_SGIS_generate_mipmap GL_SGIS_texture_border_clamp GL_SGIS_texture_edge_clamp GL_SGIS_texture_lod GL_ARB_framebuffer_sRGB GL_ARB_multitexture GL_EXT_framebuffer_sRGB GL_IBM_multimode_draw_arrays GL_IBM_texture_mirrored_repeat GL_3DFX_texture_compression_FXT1 GL_ARB_texture_cube_map GL_ARB_texture_env_add GL_ARB_transpose_matrix GL_EXT_blend_func_separate GL_EXT_fog_coord GL_EXT_multi_draw_arrays GL_EXT_secondary_color GL_EXT_texture_env_add GL_EXT_texture_filter_anisotropic GL_EXT_texture_lod_bias GL_INGR_blend_func_separate GL_NV_blend_square GL_NV_light_max_exponent GL_NV_texgen_reflection GL_NV_texture_env_combine4 GL_S3_s3tc GL_SUN_multi_draw_arrays GL_ARB_texture_border_clamp GL_ARB_texture_compression GL_EXT_framebuffer_object GL_EXT_texture_compression_s3tc GL_EXT_texture_env_combine GL_EXT_texture_env_dot3 GL_MESA_window_pos GL_NV_packed_depth_stencil GL_NV_texture_rectangle GL_ARB_depth_texture GL_ARB_occlusion_query GL_ARB_shadow GL_ARB_texture_env_combine GL_ARB_texture_env_crossbar GL_ARB_texture_env_dot3 GL_ARB_texture_mirrored_repeat GL_ARB_window_pos GL_ATI_fragment_shader GL_EXT_stencil_two_side GL_EXT_texture_cube_map GL_NV_depth_clamp GL_NV_fog_distance GL_NV_half_float GL_APPLE_packed_pixels GL_ARB_draw_buffers GL_ARB_fragment_program GL_ARB_fragment_shader GL_ARB_shader_objects GL_ARB_vertex_program GL_ARB_vertex_shader GL_ATI_draw_buffers GL_ATI_texture_env_combine3 GL_ATI_texture_float GL_EXT_depth_bounds_test GL_EXT_shadow_funcs GL_EXT_stencil_wrap GL_MESA_pack_invert GL_NV_primitive_restart GL_ARB_depth_clamp GL_ARB_fragment_program_shadow GL_ARB_half_float_pixel GL_ARB_occlusion_query2 GL_ARB_point_sprite GL_ARB_shading_language_100 GL_ARB_sync GL_ARB_texture_non_power_of_two GL_ARB_vertex_buffer_object GL_ATI_blend_equation_separate GL_EXT_blend_equation_separate GL_OES_read_format GL_ARB_color_buffer_float GL_ARB_pixel_buffer_object GL_ARB_texture_compression_rgtc GL_ARB_texture_float GL_ARB_texture_rectangle GL_ATI_texture_compression_3dc GL_EXT_packed_float GL_EXT_pixel_buffer_object GL_EXT_texture_compression_dxt1 GL_EXT_texture_compression_rgtc GL_EXT_texture_rectangle GL_EXT_texture_sRGB GL_EXT_texture_shared_exponent GL_ARB_framebuffer_object GL_EXT_framebuffer_blit GL_EXT_framebuffer_multisample GL_EXT_packed_depth_stencil GL_ARB_vertex_array_object GL_ATI_separate_stencil GL_EXT_draw_buffers2 GL_EXT_draw_instanced GL_EXT_gpu_program_parameters GL_EXT_gpu_shader4 GL_EXT_texture_array GL_EXT_texture_compression_latc GL_EXT_texture_integer GL_EXT_texture_sRGB_decode GL_EXT_timer_query GL_OES_EGL_image GL_AMD_performance_monitor GL_EXT_texture_buffer_object GL_AMD_texture_texture4 GL_ARB_copy_buffer GL_ARB_depth_buffer_float GL_ARB_draw_instanced GL_ARB_half_float_vertex GL_ARB_instanced_arrays GL_ARB_map_buffer_range GL_ARB_texture_buffer_object GL_ARB_texture_rg GL_ARB_texture_swizzle GL_ARB_vertex_array_bgra GL_EXT_texture_swizzle GL_EXT_vertex_array_bgra GL_NV_conditional_render GL_AMD_conservative_depth GL_AMD_depth_clamp_separate GL_AMD_draw_buffers_blend GL_AMD_seamless_cubemap_per_texture GL_AMD_shader_stencil_export GL_ARB_ES2_compatibility GL_ARB_blend_func_extended GL_ARB_compatibility GL_ARB_debug_output GL_ARB_draw_buffers_blend GL_ARB_draw_elements_base_vertex GL_ARB_explicit_attrib_location GL_ARB_fragment_coord_conventions GL_ARB_provoking_vertex GL_ARB_sample_shading GL_ARB_sampler_objects GL_ARB_seamless_cube_map GL_ARB_shader_stencil_export GL_ARB_shader_texture_lod GL_ARB_tessellation_shader GL_ARB_texture_buffer_object_rgb32 GL_ARB_texture_cube_map_array GL_ARB_texture_gather GL_ARB_texture_multisample GL_ARB_texture_query_lod GL_ARB_texture_rgb10_a2ui GL_ARB_uniform_buffer_object GL_ARB_vertex_type_2_10_10_10_rev GL_EXT_provoking_vertex GL_EXT_texture_snorm GL_EXT_texture_storage GL_MESA_texture_signed_rgba GL_NV_copy_image GL_NV_texture_barrier GL_ARB_draw_indirect GL_ARB_get_program_binary GL_ARB_gpu_shader5 GL_ARB_gpu_shader_fp64 GL_ARB_robustness GL_ARB_separate_shader_objects GL_ARB_shader_bit_encoding GL_ARB_shader_precision GL_ARB_shader_subroutine GL_ARB_texture_compression_bptc GL_ARB_timer_query GL_ARB_transform_feedback2 GL_ARB_transform_feedback3 GL_ARB_vertex_attrib_64bit GL_ARB_viewport_array GL_EXT_direct_state_access GL_EXT_vertex_attrib_64bit GL_AMD_multi_draw_indirect GL_ANGLE_texture_compression_dxt3 GL_ANGLE_texture_compression_dxt5 GL_ARB_base_instance GL_ARB_compressed_texture_pixel_storage GL_ARB_conservative_depth GL_ARB_internalformat_query GL_ARB_map_buffer_alignment GL_ARB_shader_atomic_counters GL_ARB_shader_image_load_store GL_ARB_shading_language_420pack GL_ARB_shading_language_packing GL_ARB_texture_storage GL_ARB_transform_feedback_instanced GL_EXT_framebuffer_multisample_blit_scaled GL_EXT_transform_feedback GL_AMD_query_buffer_object GL_AMD_shader_trinary_minmax GL_AMD_vertex_shader_layer GL_AMD_vertex_shader_viewport_index GL_ARB_ES3_compatibility GL_ARB_arrays_of_arrays GL_ARB_clear_buffer_object GL_ARB_compute_shader GL_ARB_copy_image GL_ARB_explicit_uniform_location GL_ARB_fragment_layer_viewport GL_ARB_framebuffer_no_attachments GL_ARB_invalidate_subdata GL_ARB_multi_draw_indirect GL_ARB_program_interface_query GL_ARB_robust_buffer_access_behavior GL_ARB_shader_image_size GL_ARB_shader_storage_buffer_object GL_ARB_stencil_texturing GL_ARB_texture_buffer_range GL_ARB_texture_query_levels GL_ARB_texture_storage_multisample GL_ARB_texture_view GL_ARB_vertex_attrib_binding GL_KHR_debug GL_KHR_robustness GL_KHR_texture_compression_astc_ldr GL_AMD_pinned_memory GL_ARB_buffer_storage GL_ARB_clear_texture GL_ARB_compute_variable_group_size GL_ARB_enhanced_layouts GL_ARB_indirect_parameters GL_ARB_internalformat_query2 GL_ARB_multi_bind GL_ARB_query_buffer_object GL_ARB_seamless_cubemap_per_texture GL_ARB_shader_draw_parameters GL_ARB_shader_group_vote GL_ARB_shading_language_include GL_ARB_texture_mirror_clamp_to_edge GL_ARB_texture_stencil8 GL_ARB_vertex_type_10f_11f_11f_rev GL_EXT_debug_label GL_EXT_shader_framebuffer_fetch GL_EXT_shader_integer_mix GL_INTEL_performance_query GL_ARB_ES3_1_compatibility GL_ARB_clip_control GL_ARB_conditional_render_inverted GL_ARB_cull_distance GL_ARB_derivative_control GL_ARB_direct_state_access GL_ARB_get_texture_sub_image GL_ARB_pipeline_statistics_query GL_ARB_shader_texture_image_samples GL_ARB_texture_barrier GL_ARB_transform_feedback_overflow_query GL_EXT_polygon_offset_clamp GL_KHR_blend_equation_advanced GL_KHR_blend_equation_advanced_coherent GL_KHR_context_flush_control GL_KHR_robust_buffer_access_behavior GL_ARB_ES3_2_compatibility GL_ARB_fragment_shader_interlock GL_ARB_gpu_shader_int64 GL_ARB_parallel_shader_compile GL_ARB_post_depth_coverage GL_ARB_shader_atomic_counter_ops GL_ARB_shader_ballot GL_ARB_shader_clock GL_ARB_shader_viewport_layer_array GL_EXT_shader_samples_identical GL_EXT_texture_sRGB_R8 GL_KHR_no_error GL_KHR_texture_compression_astc_sliced_3d GL_NV_fragment_shader_interlock GL_ARB_gl_spirv GL_ARB_spirv_extensions GL_MESA_shader_integer_functions GL_ARB_polygon_offset_clamp GL_ARB_texture_filter_anisotropic GL_EXT_memory_object GL_EXT_memory_object_fd GL_EXT_semaphore GL_EXT_semaphore_fd GL_KHR_parallel_shader_compile GL_NV_alpha_to_coverage_dither_control GL_EXT_EGL_image_storage GL_EXT_shader_framebuffer_fetch_non_coherent GL_EXT_texture_shadow_lod GL_INTEL_blackhole_render GL_INTEL_shader_atomic_float_minmax GL_INTEL_shader_integer_functions2 GL_MESA_framebuffer_flip_y GL_NV_compute_shader_derivatives GL_EXT_EGL_sync GL_EXT_demote_to_helper_invocation GL_EXT_EGL_image_storage_compression GL_NV_ES1_1_compatibility GL_MESA_texture_const_bandwidth GL_EXT_shader_clock 
01:22:10: Supported GLX extensions: GLX_ARB_context_flush_control GLX_ARB_create_context GLX_ARB_create_context_no_error GLX_ARB_create_context_profile GLX_ARB_create_context_robustness GLX_ARB_fbconfig_float GLX_ARB_framebuffer_sRGB GLX_ARB_get_proc_address GLX_ARB_multisample GLX_EXT_buffer_age GLX_EXT_create_context_es2_profile GLX_EXT_create_context_es_profile GLX_EXT_fbconfig_packed_float GLX_EXT_framebuffer_sRGB GLX_EXT_no_config_context GLX_EXT_swap_control GLX_EXT_swap_control_tear GLX_EXT_texture_from_pixmap GLX_EXT_visual_info GLX_EXT_visual_rating GLX_MESA_copy_sub_buffer GLX_MESA_gl_interop GLX_MESA_query_renderer GLX_MESA_swap_control GLX_OML_sync_control GLX_SGIS_multisample GLX_SGIX_fbconfig GLX_SGIX_pbuffer GLX_SGIX_visual_select_group GLX_SGI_make_current_read GLX_SGI_video_sync 
01:22:10: ***************************
01:22:10: *** GL Renderer Started ***
01:22:10: ***************************
01:22:10: Registering ResourceManager for type GpuProgram
01:22:10: GLSL support detected
01:22:10: GL: Using GL_EXT_framebuffer_object for rendering to textures (best)
01:22:10: FBO PF_UNKNOWN depth/stencil support: D0S1 D0S4 D0S8 D0S16 D16S0 D24S0 D32S0 Packed-D24S8 
01:22:10: FBO PF_L8 depth/stencil support: D0S0 D0S1 D0S4 D0S8 D0S16 D16S0 D24S0 D32S0 Packed-D24S8 
01:22:10: FBO PF_L16 depth/stencil support: D0S0 D0S1 D0S4 D0S8 D0S16 D16S0 D24S0 D32S0 Packed-D24S8 
01:22:10: FBO PF_A8 depth/stencil support: D0S0 D0S1 D0S4 D0S8 D0S16 D16S0 D24S0 D32S0 Packed-D24S8 
01:22:10: FBO PF_R5G6B5 depth/stencil support: D0S0 D0S1 D0S4 D0S8 D0S16 D16S0 D24S0 D32S0 Packed-D24S8 
01:22:10: FBO PF_B5G6R5 depth/stencil support: D0S0 D0S1 D0S4 D0S8 D0S16 D16S0 D24S0 D32S0 Packed-D24S8 
01:22:10: FBO PF_A4R4G4B4 depth/stencil support: D0S0 D0S1 D0S4 D0S8 D0S16 D16S0 D24S0 D32S0 Packed-D24S8 
01:22:10: FBO PF_A1R5G5B5 depth/stencil support: D0S0 D0S1 D0S4 D0S8 D0S16 D16S0 D24S0 D32S0 Packed-D24S8 
01:22:10: FBO PF_R8G8B8 depth/stencil support: D0S0 D0S1 D0S4 D0S8 D0S16 D16S0 D24S0 D32S0 Packed-D24S8 
01:22:10: FBO PF_B8G8R8 depth/stencil support: D0S0 D0S1 D0S4 D0S8 D0S16 D16S0 D24S0 D32S0 Packed-D24S8 
01:22:10: FBO PF_A8R8G8B8 depth/stencil support: D0S0 D0S1 D0S4 D0S8 D0S16 D16S0 D24S0 D32S0 Packed-D24S8 
01:22:10: FBO PF_B8G8R8A8 depth/stencil support: D0S0 D0S1 D0S4 D0S8 D0S16 D16S0 D24S0 D32S0 Packed-D24S8 
01:22:10: FBO PF_A2R10G10B10 depth/stencil support: D0S0 D0S1 D0S4 D0S8 D0S16 D16S0 D24S0 D32S0 Packed-D24S8 
01:22:10: FBO PF_A2B10G10R10 depth/stencil support: D0S0 D0S1 D0S4 D0S8 D0S16 D16S0 D24S0 D32S0 Packed-D24S8 
01:22:10: FBO PF_FLOAT16_RGB depth/stencil support: D0S0 D0S1 D0S4 D0S8 D0S16 D16S0 D24S0 D32S0 Packed-D24S8 
01:22:10: FBO PF_FLOAT16_RGBA depth/stencil support: D0S0 D0S1 D0S4 D0S8 D0S16 D16S0 D24S0 D32S0 Packed-D24S8 
01:22:10: FBO PF_FLOAT32_RGB depth/stencil support: D0S0 D0S1 D0S4 D0S8 D0S16 D16S0 D24S0 D32S0 Packed-D24S8 
01:22:10: FBO PF_FLOAT32_RGBA depth/stencil support: D0S0 D0S1 D0S4 D0S8 D0S16 D16S0 D24S0 D32S0 Packed-D24S8 
01:22:10: FBO PF_X8R8G8B8 depth/stencil support: D0S0 D0S1 D0S4 D0S8 D0S16 D16S0 D24S0 D32S0 Packed-D24S8 
01:22:10: FBO PF_X8B8G8R8 depth/stencil support: D0S0 D0S1 D0S4 D0S8 D0S16 D16S0 D24S0 D32S0 Packed-D24S8 
01:22:10: FBO PF_SHORT_RGBA depth/stencil support: D0S0 D0S1 D0S4 D0S8 D0S16 D16S0 D24S0 D32S0 Packed-D24S8 
01:22:10: FBO PF_R3G3B2 depth/stencil support: D0S0 D0S1 D0S4 D0S8 D0S16 D16S0 D24S0 D32S0 Packed-D24S8 
01:22:10: FBO PF_FLOAT16_R depth/stencil support: D0S0 D0S1 D0S4 D0S8 D0S16 D16S0 D24S0 D32S0 Packed-D24S8 
01:22:10: FBO PF_FLOAT32_R depth/stencil support: D0S0 D0S1 D0S4 D0S8 D0S16 D16S0 D24S0 D32S0 Packed-D24S8 
01:22:10: FBO PF_FLOAT16_GR depth/stencil support: D0S0 D0S1 D0S4 D0S8 D0S16 D16S0 D24S0 D32S0 Packed-D24S8 
01:22:10: FBO PF_FLOAT32_GR depth/stencil support: D0S0 D0S1 D0S4 D0S8 D0S16 D16S0 D24S0 D32S0 Packed-D24S8 
01:22:10: FBO PF_SHORT_RGB depth/stencil support: D0S0 D0S1 D0S4 D0S8 D0S16 D16S0 D24S0 D32S0 Packed-D24S8 
01:22:10: [GL] : Valid FBO targets PF_UNKNOWN PF_L8 PF_L16 PF_A8 PF_R5G6B5 PF_B5G6R5 PF_A4R4G4B4 PF_A1R5G5B5 PF_R8G8B8 PF_B8G8R8 PF_A8R8G8B8 PF_B8G8R8A8 PF_A2R10G10B10 PF_A2B10G10R10 PF_FLOAT16_RGB PF_FLOAT16_RGBA PF_FLOAT32_RGB PF_FLOAT32_RGBA PF_X8R8G8B8 PF_X8B8G8R8 PF_SHORT_RGBA PF_R3G3B2 PF_FLOAT16_R PF_FLOAT32_R PF_FLOAT16_GR PF_FLOAT32_GR PF_SHORT_RGB 
01:22:10: RenderSystem capabilities
01:22:10: -------------------------
01:22:10: RenderSystem Name: OpenGL Rendering Subsystem
01:22:10: GPU Vendor: intel
01:22:10: Device Name: Mesa Intel(R) Graphics (ADL GT2)
01:22:10: Driver Version: 4.6.0.0
01:22:10:  * Fixed function pipeline: yes
01:22:10:  * Hardware generation of mipmaps: no
01:22:10:  * Texture blending: yes
01:22:10:  * Anisotropic texture filtering: yes
01:22:10:  * Dot product texture operation: yes
01:22:10:  * Cube mapping: yes
01:22:10:  * Hardware stencil buffer: yes
01:22:10:    - Stencil depth: 8
01:22:10:    - Two sided stencil support: yes
01:22:10:    - Wrap stencil values: yes
01:22:10:  * Hardware vertex / index buffers: yes
01:22:10:  * Vertex programs: yes
01:22:10:  * Number of floating-point constants for vertex programs: 2048
01:22:10:  * Number of integer constants for vertex programs: 0
01:22:10:  * Number of boolean constants for vertex programs: 0
01:22:10:  * Fragment programs: yes
01:22:10:  * Number of floating-point constants for fragment programs: 2048
01:22:10:  * Number of integer constants for fragment programs: 0
01:22:10:  * Number of boolean constants for fragment programs: 0
01:22:10:  * Geometry programs: no
01:22:10:  * Number of floating-point constants for geometry programs: 0
01:22:10:  * Number of integer constants for geometry programs: 48
01:22:10:  * Number of boolean constants for geometry programs: 0
01:22:10:  * Tesselation Hull programs: no
01:22:10:  * Number of floating-point constants for tesselation hull programs: 1
01:22:10:  * Number of integer constants for tesselation hull programs: 0
01:22:10:  * Number of boolean constants for tesselation hull programs: 0
01:22:10:  * Tesselation Domain programs: no
01:22:10:  * Number of floating-point constants for tesselation domain programs: 0
01:22:10:  * Number of integer constants for tesselation domain programs: 48
01:22:10:  * Number of boolean constants for tesselation domain programs: 0
01:22:10:  * Compute programs: no
01:22:10:  * Number of floating-point constants for compute programs: 0
01:22:10:  * Number of integer constants for compute programs: 0
01:22:10:  * Number of boolean constants for compute programs: 0
01:22:10:  * Supported Shader Profiles: arbfp1 arbvp1 glsl ps_1_1 ps_1_2 ps_1_3 ps_1_4
01:22:10:  * Texture Compression: yes
01:22:10:    - DXT: yes
01:22:10:    - VTC: no
01:22:10:    - PVRTC: no
01:22:10:    - ATC: no
01:22:10:    - ETC1: no
01:22:10:    - ETC2: no
01:22:10:    - BC4/BC5: no
01:22:10:    - BC6H/BC7: no
01:22:10:  * Scissor Rectangle: yes
01:22:10:  * Hardware Occlusion Query: yes
01:22:10:  * User clip planes: yes
01:22:10:  * VET_UBYTE4 vertex element type: yes
01:22:10:  * Infinite far plane projection: yes
01:22:10:  * Hardware render-to-texture: yes
01:22:10:  * Floating point textures: yes
01:22:10:  * Non-power-of-two textures: yes
01:22:10:  * 1d textures: yes
01:22:10:  * Volume textures: yes
01:22:10:  * Multiple Render Targets: 8
01:22:10:    - With different bit depths: yes
01:22:10:  * Point Sprites: yes
01:22:10:  * Extended point parameters: yes
01:22:10:  * Max Point Size: 255
01:22:10:  * Vertex texture fetch: yes
01:22:10:  * Number of world matrices: 0
01:22:10:  * Number of texture units: 16
01:22:10:  * Stencil buffer depth: 8
01:22:10:  * Number of vertex blend matrices: 0
01:22:10:    - Max vertex textures: 32
01:22:10:    - Vertex textures shared: yes
01:22:10:  * Render to Vertex Buffer : no
01:22:10:  * Hardware Atomic Counters: no
01:22:10:  * GL 1.5 without VBO workaround: no
01:22:10:  * Frame Buffer objects: yes
01:22:10:  * Frame Buffer objects (ARB extension): no
01:22:10:  * Frame Buffer objects (ATI extension): no
01:22:10:  * PBuffer support: yes
01:22:10:  * GL 1.5 without HW-occlusion workaround: no
01:22:10:  * Vertex Array Objects: no
01:22:10:  * Separate shader objects: no
01:22:10: DefaultWorkQueue('Root') initialising on thread 768caf7566c0.
01:22:10: DefaultWorkQueue('Root')::WorkerFunc - thread 768c635ad6c0 starting.
01:22:10: DefaultWorkQueue('Root')::WorkerFunc - thread 768c62dac6c0 starting.
01:22:10: DefaultWorkQueue('Root')::WorkerFunc - thread 768c61daa6c0 starting.
01:22:10: DefaultWorkQueue('Root')::WorkerFunc - thread 768c625ab6c0 starting.
01:22:10: DefaultWorkQueue('Root')::WorkerFunc - thread 768c615a96c0 starting.
01:22:10: DefaultWorkQueue('Root')::WorkerFunc - thread 768c60da86c0 starting.
01:22:10: DefaultWorkQueue('Root')::WorkerFunc - thread 768c4bfff6c0 starting.
01:22:10: DefaultWorkQueue('Root')::WorkerFunc - thread 768c4b7fe6c0 starting.
01:22:10: DefaultWorkQueue('Root')::WorkerFunc - thread 768c4affd6c0 starting.
01:22:10: DefaultWorkQueue('Root')::WorkerFunc - thread 768c4a7fc6c0 starting.
01:22:10: DefaultWorkQueue('Root')::WorkerFunc - thread 768c49ffb6c0 starting.
01:22:10: DefaultWorkQueue('Root')::WorkerFunc - thread 768c497fa6c0 starting.
01:22:10: Particle Renderer Type 'billboard' registered
01:22:10: SceneManagerFactory for type 'BspSceneManager' registered.
01:22:10: Registering ResourceManager for type BspLevel
01:22:10: SceneManagerFactory for type 'OctreeSceneManager' registered.
01:22:10: Parsing scripts for resource group Autodetect
01:22:10: Finished parsing scripts for resource group Autodetect
01:22:10: Creating resources for group Autodetect
01:22:10: All done
01:22:10: Parsing scripts for resource group Fonts
01:22:10: Parsing script gz-rendering.fontdef
01:22:10: Finished parsing scripts for resource group Fonts
01:22:10: Creating resources for group Fonts
01:22:10: All done
01:22:10: Parsing scripts for resource group General
01:22:10: Parsing script gpu_rays.material
01:22:10: Parsing script pssm.material
01:22:10: Parsing script gaussian_noise.material
01:22:10: Parsing script distortion.material
01:22:10: Parsing script picker.material
01:22:10: Parsing script thermal.material
01:22:10: Parsing script wide_angle_camera.material
01:22:10: Parsing script point_cloud_point.material
01:22:10: Parsing script lens_flare.material
01:22:10: Parsing script wide_camera_lens_map.compositor
01:22:10: Parsing script lens_flare.compositor
01:22:10: Parsing script gaussian_noise.compositor
01:22:10: Parsing script thermal_camera.compositor
01:22:10: Parsing script distortion.compositor
01:22:10: Finished parsing scripts for resource group General
01:22:10: Creating resources for group General
01:22:10: All done
01:22:10: Parsing scripts for resource group Internal
01:22:10: Finished parsing scripts for resource group Internal
01:22:10: Creating resources for group Internal
01:22:10: All done
01:22:10: Added resource location '/opt/ros/jazzy/opt/gz_rendering_vendor/share/gz/gz-rendering8/ogre/media/rtshaderlib150' of type 'FileSystem' to resource group 'General'
01:22:10: Creating resource group ShaderGeneratorResourceGroup
01:22:10: Added resource location '/root/.gz/rendering/ogre-rtshader/nobody-rtshaderlibcache/' of type 'FileSystem' to resource group 'ShaderGeneratorResourceGroup'
01:22:10: Added resource location '/opt/ros/jazzy/opt/gz_rendering_vendor/share/gz/gz-rendering8/media/materials/textures/com.png' of type 'FileSystem' to resource group 'General'
01:22:10: Added resource location '/////root/.gz/fuel/fuel.gazebosim.org/openrobotics/models/warehouse/5/meshes' of type 'FileSystem' to resource group 'General' with recursive option
01:22:10: Initialising resource group General
01:22:10: Added resource location '/root/.gz/fuel/fuel.gazebosim.org/openrobotics/models/warehouse/5/meshes/Asphalt010_1K_Color.jpg' of type 'FileSystem' to resource group 'General'
01:22:10: Added resource location '/root/.gz/fuel/fuel.gazebosim.org/openrobotics/models/warehouse/5/meshes/Tape001_1K_Color.png' of type 'FileSystem' to resource group 'General'
01:22:10: Added resource location '/root/.gz/fuel/fuel.gazebosim.org/openrobotics/models/warehouse/5/meshes/Terrazzo005_1K_Color.jpg' of type 'FileSystem' to resource group 'General'
01:22:10: Added resource location '/root/.gz/fuel/fuel.gazebosim.org/openrobotics/models/warehouse/5/meshes/Rough_Square_Concrete_Block.jpg' of type 'FileSystem' to resource group 'General'
01:22:10: Texture: /root/.gz/fuel/fuel.gazebosim.org/openrobotics/models/warehouse/5/meshes/Asphalt010_1K_Color.jpg: Loading 1 faces(PF_R8G8B8,1024x1024x1) with 5 generated mipmaps from Image. Internal format is PF_X8R8G8B8,1024x1024x1.
01:22:10: Texture: /root/.gz/fuel/fuel.gazebosim.org/openrobotics/models/warehouse/5/meshes/Tape001_1K_Color.png: Loading 1 faces(PF_R8G8B8,128x1024x1) with 5 generated mipmaps from Image. Internal format is PF_X8R8G8B8,128x1024x1.
01:22:10: Texture: /root/.gz/fuel/fuel.gazebosim.org/openrobotics/models/warehouse/5/meshes/Terrazzo005_1K_Color.jpg: Loading 1 faces(PF_R8G8B8,1024x1024x1) with 5 generated mipmaps from Image. Internal format is PF_X8R8G8B8,1024x1024x1.
01:22:10: Texture: /root/.gz/fuel/fuel.gazebosim.org/openrobotics/models/warehouse/5/meshes/Rough_Square_Concrete_Block.jpg: Loading 1 faces(PF_R8G8B8,500x500x1) with 5 generated mipmaps from Image. Internal format is PF_X8R8G8B8,500x500x1.
01:22:10: Added resource location '/////root/.gz/fuel/fuel.gazebosim.org/movai/models/shelf_big/2/meshes' of type 'FileSystem' to resource group 'General' with recursive option
01:22:10: Initialising resource group General
01:22:10: Added resource location '/root/.gz/fuel/fuel.gazebosim.org/movai/models/shelf_big/2/meshes/Box_paper_04_1_Base_Color.png' of type 'FileSystem' to resource group 'General'
01:22:10: Texture: /root/.gz/fuel/fuel.gazebosim.org/movai/models/shelf_big/2/meshes/Box_paper_04_1_Base_Color.png: Loading 1 faces(PF_A8R8G8B8,1024x1024x1) with 5 generated mipmaps from Image. Internal format is PF_A8R8G8B8,1024x1024x1.
01:22:10: Added resource location '/////root/.gz/fuel/fuel.gazebosim.org/movai/models/shelf/1/meshes' of type 'FileSystem' to resource group 'General' with recursive option
01:22:10: Initialising resource group General
01:22:10: Added resource location '/root/.gz/fuel/fuel.gazebosim.org/movai/models/shelf/1/meshes/Box_paper_04_1_Base_Color.png' of type 'FileSystem' to resource group 'General'
01:22:11: Texture: /root/.gz/fuel/fuel.gazebosim.org/movai/models/shelf/1/meshes/Box_paper_04_1_Base_Color.png: Loading 1 faces(PF_A8R8G8B8,1024x1024x1) with 5 generated mipmaps from Image. Internal format is PF_A8R8G8B8,1024x1024x1.
01:22:11: Added resource location '/////root/.gz/fuel/fuel.gazebosim.org/openrobotics/models/jersey barrier/6/meshes' of type 'FileSystem' to resource group 'General' with recursive option
01:22:11: Initialising resource group General
01:22:11: Added resource location '/root/.gz/fuel/fuel.gazebosim.org/openrobotics/models/jersey barrier/6/materials/textures/jersey_barrier_diffuse.jpg' of type 'FileSystem' to resource group 'General'
01:22:11: Texture: /root/.gz/fuel/fuel.gazebosim.org/openrobotics/models/jersey barrier/6/materials/textures/jersey_barrier_diffuse.jpg: Loading 1 faces(PF_R8G8B8,256x256x1) with 5 generated mipmaps from Image. Internal format is PF_X8R8G8B8,256x256x1.
01:22:11: Added resource location '/root/.gz/fuel/fuel.gazebosim.org/openrobotics/models/chair/3/meshes' of type 'FileSystem' to resource group 'General' with recursive option
01:22:11: Initialising resource group General
01:22:11: Texture: /root/.gz/fuel/fuel.gazebosim.org/openrobotics/models/chair/3/meshes/Chair_Diffuse.png: Loading 1 faces(PF_R8G8B8,1024x1024x1) with 5 generated mipmaps from Image. Internal format is PF_X8R8G8B8,1024x1024x1.
01:22:11: Added resource location '/////root/.gz/fuel/fuel.gazebosim.org/openrobotics/models/foldable_chair/3/mesh' of type 'FileSystem' to resource group 'General' with recursive option
01:22:11: Initialising resource group General
01:22:11: Added resource location '/root/.gz/fuel/fuel.gazebosim.org/openrobotics/models/foldable_chair/3/mesh/foldable_chair.png' of type 'FileSystem' to resource group 'General'
01:22:11: Texture: /root/.gz/fuel/fuel.gazebosim.org/openrobotics/models/foldable_chair/3/mesh/foldable_chair.png: Loading 1 faces(PF_R8G8B8,2048x2048x1) with 5 generated mipmaps from Image. Internal format is PF_X8R8G8B8,2048x2048x1.
01:22:11: Added resource location '/root/.gz/fuel/fuel.gazebosim.org/openrobotics/models/coffeetable/2/meshes' of type 'FileSystem' to resource group 'General' with recursive option
01:22:11: Initialising resource group General
01:22:11: Texture: /root/.gz/fuel/fuel.gazebosim.org/openrobotics/models/coffeetable/2/meshes/CoffeeTable_Diffuse.png: Loading 1 faces(PF_R8G8B8,1024x1024x1) with 5 generated mipmaps from Image. Internal format is PF_X8R8G8B8,1024x1024x1.
01:22:11: Added resource location '/root/.gz/fuel/fuel.gazebosim.org/openrobotics/models/femalevisitorsit/2/meshes' of type 'FileSystem' to resource group 'General' with recursive option
01:22:11: Initialising resource group General
01:22:11: Texture: /root/.gz/fuel/fuel.gazebosim.org/openrobotics/models/femalevisitorsit/2/meshes/FemaleVisitorSit.png: Loading 1 faces(PF_A8R8G8B8,1024x1024x1) with 5 generated mipmaps from Image. Internal format is PF_A8R8G8B8,1024x1024x1.
01:22:11: Texture: /root/.gz/fuel/fuel.gazebosim.org/openrobotics/models/femalevisitorsit/2/meshes/HandbagBlack.png: Loading 1 faces(PF_A8R8G8B8,512x512x1) with 5 generated mipmaps from Image. Internal format is PF_A8R8G8B8,512x512x1.
01:22:11: Added resource location '/root/.gz/fuel/fuel.gazebosim.org/openrobotics/models/malevisitoronphone/2/meshes' of type 'FileSystem' to resource group 'General' with recursive option
01:22:11: Initialising resource group General
01:22:11: Texture: /root/.gz/fuel/fuel.gazebosim.org/openrobotics/models/malevisitoronphone/2/meshes/Phone.png: Loading 1 faces(PF_A8R8G8B8,256x256x1) with 5 generated mipmaps from Image. Internal format is PF_A8R8G8B8,256x256x1.
01:22:11: Texture: /root/.gz/fuel/fuel.gazebosim.org/openrobotics/models/malevisitoronphone/2/meshes/MaleVisitor.png: Loading 1 faces(PF_A8R8G8B8,1024x1024x1) with 5 generated mipmaps from Image. Internal format is PF_A8R8G8B8,1024x1024x1.
01:22:11: Added resource location '/////root/.gz/fuel/fuel.gazebosim.org/plateau/models/casual female/1/meshes' of type 'FileSystem' to resource group 'General' with recursive option
01:22:11: Initialising resource group General
01:22:11: Added resource location '/root/.gz/fuel/fuel.gazebosim.org/plateau/models/casual female/1/materials/textures/young_lightskinned_female_diffuse.png' of type 'FileSystem' to resource group 'General'
01:22:11: Added resource location '/root/.gz/fuel/fuel.gazebosim.org/plateau/models/casual female/1/materials/textures/ponytail01_diffuse.png' of type 'FileSystem' to resource group 'General'
01:22:11: Added resource location '/root/.gz/fuel/fuel.gazebosim.org/plateau/models/casual female/1/materials/textures/brown_eye.png' of type 'FileSystem' to resource group 'General'
01:22:11: Added resource location '/root/.gz/fuel/fuel.gazebosim.org/plateau/models/casual female/1/materials/textures/eyebrow002.png' of type 'FileSystem' to resource group 'General'
01:22:11: Added resource location '/root/.gz/fuel/fuel.gazebosim.org/plateau/models/casual female/1/materials/textures/eyelashes01.png' of type 'FileSystem' to resource group 'General'
01:22:11: Added resource location '/root/.gz/fuel/fuel.gazebosim.org/plateau/models/casual female/1/materials/textures/tongue01_diffuse.png' of type 'FileSystem' to resource group 'General'
01:22:11: Added resource location '/root/.gz/fuel/fuel.gazebosim.org/plateau/models/casual female/1/materials/textures/female_casualsuit02_diffuse.png' of type 'FileSystem' to resource group 'General'
01:22:11: Added resource location '/root/.gz/fuel/fuel.gazebosim.org/plateau/models/casual female/1/materials/textures/female_casualsuit01_diffuse.png' of type 'FileSystem' to resource group 'General'
01:22:11: Added resource location '/root/.gz/fuel/fuel.gazebosim.org/plateau/models/casual female/1/materials/textures/shoes05_diffuse.png' of type 'FileSystem' to resource group 'General'
01:22:11: Texture: /root/.gz/fuel/fuel.gazebosim.org/plateau/models/casual female/1/materials/textures/young_lightskinned_female_diffuse.png: Loading 1 faces(PF_R8G8B8,2048x2048x1) with 5 generated mipmaps from Image. Internal format is PF_X8R8G8B8,2048x2048x1.
01:22:11: Texture: /root/.gz/fuel/fuel.gazebosim.org/plateau/models/casual female/1/materials/textures/ponytail01_diffuse.png: Loading 1 faces(PF_A8R8G8B8,2048x2048x1) with 5 generated mipmaps from Image. Internal format is PF_A8R8G8B8,2048x2048x1.
01:22:11: Texture: /root/.gz/fuel/fuel.gazebosim.org/plateau/models/casual female/1/materials/textures/brown_eye.png: Loading 1 faces(PF_A8R8G8B8,1024x1024x1) with 5 generated mipmaps from Image. Internal format is PF_A8R8G8B8,1024x1024x1.
01:22:11: Texture: /root/.gz/fuel/fuel.gazebosim.org/plateau/models/casual female/1/materials/textures/eyebrow002.png: Loading 1 faces(PF_A8R8G8B8,512x512x1) with 5 generated mipmaps from Image. Internal format is PF_A8R8G8B8,512x512x1.
01:22:11: Texture: /root/.gz/fuel/fuel.gazebosim.org/plateau/models/casual female/1/materials/textures/eyelashes01.png: Loading 1 faces(PF_A8R8G8B8,512x512x1) with 5 generated mipmaps from Image. Internal format is PF_A8R8G8B8,512x512x1.
01:22:11: Texture: /root/.gz/fuel/fuel.gazebosim.org/plateau/models/casual female/1/materials/textures/tongue01_diffuse.png: Loading 1 faces(PF_R8G8B8,1024x1024x1) with 5 generated mipmaps from Image. Internal format is PF_X8R8G8B8,1024x1024x1.
01:22:11: Texture: /root/.gz/fuel/fuel.gazebosim.org/plateau/models/casual female/1/materials/textures/female_casualsuit02_diffuse.png: Loading 1 faces(PF_R8G8B8,2048x2048x1) with 5 generated mipmaps from Image. Internal format is PF_X8R8G8B8,2048x2048x1.
01:22:11: Texture: /root/.gz/fuel/fuel.gazebosim.org/plateau/models/casual female/1/materials/textures/female_casualsuit01_diffuse.png: Loading 1 faces(PF_R8G8B8,2048x2048x1) with 5 generated mipmaps from Image. Internal format is PF_X8R8G8B8,2048x2048x1.
01:22:11: Texture: /root/.gz/fuel/fuel.gazebosim.org/plateau/models/casual female/1/materials/textures/shoes05_diffuse.png: Loading 1 faces(PF_A8R8G8B8,1024x1024x1) with 5 generated mipmaps from Image. Internal format is PF_A8R8G8B8,1024x1024x1.
01:22:12: Added resource location '/opt/ros/jazzy/share/irobot_create_description/meshes/dock' of type 'FileSystem' to resource group 'General' with recursive option
01:22:12: Initialising resource group General
01:22:12: Added resource location '/opt/ros/jazzy/share/irobot_create_description/meshes' of type 'FileSystem' to resource group 'General' with recursive option
01:22:12: Initialising resource group General
01:22:12: Added resource location '/turtle_ws/install/turtlebot4_description/share/turtlebot4_description/meshes' of type 'FileSystem' to resource group 'General' with recursive option
01:22:12: Initialising resource group General
01:22:13: Added resource location '/opt/ros/jazzy/opt/gz_rendering_vendor/share/gz/gz-rendering8/ogre/media/materials/programs/depth_points_vs.glsl' of type 'FileSystem' to resource group 'General'
01:22:13: Added resource location '/opt/ros/jazzy/opt/gz_rendering_vendor/share/gz/gz-rendering8/ogre/media/materials/programs/depth_points_fs.glsl' of type 'FileSystem' to resource group 'General'
01:22:13: Texture: spot_shadow_fade.png: Loading 1 faces(PF_R8G8B8,128x128x1) with 5 generated mipmaps from Image. Internal format is PF_X8R8G8B8,128x128x1.
