01:22:06: Creating resource group General
01:22:06: Creating resource group Internal
01:22:06: Creating resource group Autodetect
01:22:06: SceneManagerFactory for type 'DefaultSceneManager' registered.
01:22:06: Registering ResourceManager for type Material
01:22:06: Registering ResourceManager for type Mesh
01:22:06: Registering ResourceManager for type Mesh2
01:22:06: Registering ResourceManager for type OldSkeleton
01:22:06: MovableObjectFactory for type 'ParticleSystem' registered.
01:22:06: ArchiveFactory for archive type FileSystem registered.
01:22:06: ArchiveFactory for archive type Zip registered.
01:22:06: ArchiveFactory for archive type EmbeddedZip registered.
01:22:06: DDS codec registering
01:22:06: FreeImage version: 3.18.0
01:22:06: This program uses FreeImage, a free, open source image library supporting all common bitmap formats. See http://freeimage.sourceforge.net for details
01:22:06: Supported formats: bmp,ico,jpg,jif,jpeg,jpe,jng,koa,iff,lbm,mng,pbm,pbm,pcd,pcx,pgm,pgm,png,ppm,ppm,ras,tga,targa,tif,tiff,wap,wbmp,wbm,psd,psb,cut,xbm,xpm,gif,hdr,g3,sgi,rgb,rgba,bw,exr,j2k,j2c,jp2,pfm,pct,pict,pic,3fr,arw,bay,bmq,cap,cine,cr2,crw,cs1,dc2,dcr,drf,dsc,dng,erf,fff,ia,iiq,k25,kc2,kdc,mdc,mef,mos,mrw,nef,nrw,orf,pef,ptx,pxn,qtk,raf,raw,rdc,rw2,rwl,rwz,sr2,srf,srw,sti,x3f,webp,jxr,wdp,hdp
01:22:06: ETC codec registering
01:22:06: OITD codec registering
01:22:06: Registering ResourceManager for type HighLevelGpuProgram
01:22:06: MovableObjectFactory for type 'Decal' registered.
01:22:06: MovableObjectFactory for type 'InternalCubemapProbe' registered.
01:22:06: MovableObjectFactory for type 'Entity' registered.
01:22:06: MovableObjectFactory for type 'Item' registered.
01:22:06: MovableObjectFactory for type 'Light' registered.
01:22:06: MovableObjectFactory for type 'Rectangle2Dv2' registered.
01:22:06: MovableObjectFactory for type 'BillboardSet' registered.
01:22:06: MovableObjectFactory for type 'ManualObject2' registered.
01:22:06: MovableObjectFactory for type 'BillboardChain' registered.
01:22:06: MovableObjectFactory for type 'RibbonTrail' registered.
01:22:06: MovableObjectFactory for type 'WireAabb' registered.
01:22:06: *-*-* OGRE Initialising
01:22:06: *-*-* Version 2.3.3 (Daedalus)
01:22:06: OverlayElementFactory for type Panel registered.
01:22:06: OverlayElementFactory for type BorderPanel registered.
01:22:06: OverlayElementFactory for type TextArea registered.
01:22:06: Registering ResourceManager for type Font
01:22:06: Loading library /opt/ros/jazzy/opt/gz_ogre_next_vendor/lib/OGRE-Next/RenderSystem_GL3Plus.so
01:22:06: Installing plugin: GL 3+ RenderSystem
01:22:06: OpenGL 3+ Rendering Subsystem created.
01:22:06: Found Num EGL Devices: 2
01:22:06: EGL Device: EGL_EXT_device_drm EGL_EXT_device_drm_render_node EGL_EXT_device_query_name EGL_EXT_device_persistent_id #0 /dev/dri/card1
01:22:06: Trying to init device: EGL_EXT_device_drm EGL_EXT_device_drm_render_node EGL_EXT_device_query_name EGL_EXT_device_persistent_id #0 /dev/dri/card1...
01:22:06: Created GL 4.5 context for device EGL_EXT_device_drm EGL_EXT_device_drm_render_node EGL_EXT_device_query_name EGL_EXT_device_persistent_id #0 /dev/dri/card1
01:22:06: Destroying device: EGL_EXT_device_drm EGL_EXT_device_drm_render_node EGL_EXT_device_query_name EGL_EXT_device_persistent_id #0 /dev/dri/card1...
01:22:06: EGL Device: EGL_MESA_device_software EGL_EXT_device_drm_render_node #1
01:22:06: Trying to init device: EGL_MESA_device_software EGL_EXT_device_drm_render_node #1...
01:22:06: Created GL 4.5 context for device EGL_MESA_device_software EGL_EXT_device_drm_render_node #1
01:22:06: Destroying device: EGL_MESA_device_software EGL_EXT_device_drm_render_node #1...
01:22:06: Plugin successfully installed
01:22:06: Loading library /opt/ros/jazzy/opt/gz_ogre_next_vendor/lib/OGRE-Next/Plugin_ParticleFX.so
01:22:06: Installing plugin: ParticleFX
01:22:06: Particle Emitter Type 'Point' registered
01:22:06: Particle Emitter Type 'Box' registered
01:22:06: Particle Emitter Type 'Ellipsoid' registered
01:22:06: Particle Emitter Type 'Cylinder' registered
01:22:06: Particle Emitter Type 'Ring' registered
01:22:06: Particle Emitter Type 'HollowEllipsoid' registered
01:22:06: Particle Affector Type 'LinearForce' registered
01:22:06: Particle Affector Type 'ColourFader' registered
01:22:06: Particle Affector Type 'ColourFader2' registered
01:22:06: Particle Affector Type 'ColourImage' registered
01:22:06: Particle Affector Type 'ColourInterpolator' registered
01:22:06: Particle Affector Type 'Scaler' registered
01:22:06: Particle Affector Type 'Rotator' registered
01:22:06: Particle Affector Type 'DirectionRandomiser' registered
01:22:06: Particle Affector Type 'DeflectorPlane' registered
01:22:06: Plugin successfully installed
01:22:06: CPU Identifier & Features
01:22:06: -------------------------
01:22:06:  *   CPU ID: GenuineIntel: 12th Gen Intel(R) Core(TM) i5-1245U
01:22:06:  *   Logical cores: 12
01:22:06:  *      SSE: yes
01:22:06:  *     SSE2: yes
01:22:06:  *     SSE3: yes
01:22:06:  *      MMX: yes
01:22:06:  *   MMXEXT: yes
01:22:06:  *    3DNOW: no
01:22:06:  * 3DNOWEXT: no
01:22:06:  *     CMOV: yes
01:22:06:  *      TSC: yes
01:22:06:  *      FPU: yes
01:22:06:  *      PRO: yes
01:22:06:  *       HT: no
01:22:06: -------------------------
01:22:06: ******************************
*** Starting GLX Subsystem ***
******************************
01:22:06: GL3PlusRenderSystem::_createRenderWindow "OgreWindow(0)_0", 1x1 windowed  miscParams: FSAA=0 border=none contentScalingFactor=1.000000 currentGLContext=true externalGLControl=true gamma=Yes parentWindowHandle=60817434 stereoMode=Frame Sequential 
01:22:06: GLXWindow::create used FBConfigID = 466
01:22:06: GL Version = 4.6.0.0
01:22:06: GL_VERSION = 4.6 (Compatibility Profile) Mesa 25.2.8-0ubuntu0.24.04.1
01:22:06: GL_VENDOR = Intel
01:22:06: GL_RENDERER = Mesa Intel(R) Graphics (ADL GT2)
01:22:06: GL_EXTENSIONS = 
01:22:06: GL_3DFX_texture_compression_FXT1
01:22:06: GL_AMD_conservative_depth
01:22:06: GL_AMD_depth_clamp_separate
01:22:06: GL_AMD_draw_buffers_blend
01:22:06: GL_AMD_multi_draw_indirect
01:22:06: GL_AMD_performance_monitor
01:22:06: GL_AMD_pinned_memory
01:22:06: GL_AMD_query_buffer_object
01:22:06: GL_AMD_seamless_cubemap_per_texture
01:22:06: GL_AMD_shader_stencil_export
01:22:06: GL_AMD_shader_trinary_minmax
01:22:06: GL_AMD_texture_texture4
01:22:06: GL_AMD_vertex_shader_layer
01:22:06: GL_AMD_vertex_shader_viewport_index
01:22:06: GL_ANGLE_texture_compression_dxt3
01:22:06: GL_ANGLE_texture_compression_dxt5
01:22:06: GL_APPLE_packed_pixels
01:22:06: GL_ARB_ES2_compatibility
01:22:06: GL_ARB_ES3_1_compatibility
01:22:06: GL_ARB_ES3_2_compatibility
01:22:06: GL_ARB_ES3_compatibility
01:22:06: GL_ARB_arrays_of_arrays
01:22:06: GL_ARB_base_instance
01:22:06: GL_ARB_blend_func_extended
01:22:06: GL_ARB_buffer_storage
01:22:06: GL_ARB_clear_buffer_object
01:22:06: GL_ARB_clear_texture
01:22:06: GL_ARB_clip_control
01:22:06: GL_ARB_color_buffer_float
01:22:06: GL_ARB_compatibility
01:22:06: GL_ARB_compressed_texture_pixel_storage
01:22:06: GL_ARB_compute_shader
01:22:06: GL_ARB_compute_variable_group_size
01:22:06: GL_ARB_conditional_render_inverted
01:22:06: GL_ARB_conservative_depth
01:22:06: GL_ARB_copy_buffer
01:22:06: GL_ARB_copy_image
01:22:06: GL_ARB_cull_distance
01:22:06: GL_ARB_debug_output
01:22:06: GL_ARB_depth_buffer_float
01:22:06: GL_ARB_depth_clamp
01:22:06: GL_ARB_depth_texture
01:22:06: GL_ARB_derivative_control
01:22:06: GL_ARB_direct_state_access
01:22:06: GL_ARB_draw_buffers
01:22:06: GL_ARB_draw_buffers_blend
01:22:06: GL_ARB_draw_elements_base_vertex
01:22:06: GL_ARB_draw_indirect
01:22:06: GL_ARB_draw_instanced
01:22:06: GL_ARB_enhanced_layouts
01:22:06: GL_ARB_explicit_attrib_location
01:22:06: GL_ARB_explicit_uniform_location
01:22:06: GL_ARB_fragment_coord_conventions
01:22:06: GL_ARB_fragment_layer_viewport
01:22:06: GL_ARB_fragment_program
01:22:06: GL_ARB_fragment_program_shadow
01:22:06: GL_ARB_fragment_shader
01:22:06: GL_ARB_fragment_shader_interlock
01:22:06: GL_ARB_framebuffer_no_attachments
01:22:06: GL_ARB_framebuffer_object
01:22:06: GL_ARB_framebuffer_sRGB
01:22:06: GL_ARB_get_program_binary
01:22:06: GL_ARB_get_texture_sub_image
01:22:06: GL_ARB_gl_spirv
01:22:06: GL_ARB_gpu_shader5
01:22:06: GL_ARB_gpu_shader_fp64
01:22:06: GL_ARB_gpu_shader_int64
01:22:06: GL_ARB_half_float_pixel
01:22:06: GL_ARB_half_float_vertex
01:22:06: GL_ARB_indirect_parameters
01:22:06: GL_ARB_instanced_arrays
01:22:06: GL_ARB_internalformat_query
01:22:06: GL_ARB_internalformat_query2
01:22:06: GL_ARB_invalidate_subdata
01:22:06: GL_ARB_map_buffer_alignment
01:22:06: GL_ARB_map_buffer_range
01:22:06: GL_ARB_multi_bind
01:22:06: GL_ARB_multi_draw_indirect
01:22:06: GL_ARB_multisample
01:22:06: GL_ARB_multitexture
01:22:06: GL_ARB_occlusion_query
01:22:06: GL_ARB_occlusion_query2
01:22:06: GL_ARB_parallel_shader_compile
01:22:06: GL_ARB_pipeline_statistics_query
01:22:06: GL_ARB_pixel_buffer_object
01:22:06: GL_ARB_point_parameters
01:22:06: GL_ARB_point_sprite
01:22:06: GL_ARB_polygon_offset_clamp
01:22:06: GL_ARB_post_depth_coverage
01:22:06: GL_ARB_program_interface_query
01:22:06: GL_ARB_provoking_vertex
01:22:06: GL_ARB_query_buffer_object
01:22:06: GL_ARB_robust_buffer_access_behavior
01:22:06: GL_ARB_robustness
01:22:06: GL_ARB_sample_shading
01:22:06: GL_ARB_sampler_objects
01:22:06: GL_ARB_seamless_cube_map
01:22:06: GL_ARB_seamless_cubemap_per_texture
01:22:06: GL_ARB_separate_shader_objects
01:22:06: GL_ARB_shader_atomic_counter_ops
01:22:06: GL_ARB_shader_atomic_counters
01:22:06: GL_ARB_shader_ballot
01:22:06: GL_ARB_shader_bit_encoding
01:22:06: GL_ARB_shader_clock
01:22:06: GL_ARB_shader_draw_parameters
01:22:06: GL_ARB_shader_group_vote
01:22:06: GL_ARB_shader_image_load_store
01:22:06: GL_ARB_shader_image_size
01:22:06: GL_ARB_shader_objects
01:22:06: GL_ARB_shader_precision
01:22:06: GL_ARB_shader_stencil_export
01:22:06: GL_ARB_shader_storage_buffer_object
01:22:06: GL_ARB_shader_subroutine
01:22:06: GL_ARB_shader_texture_image_samples
01:22:06: GL_ARB_shader_texture_lod
01:22:06: GL_ARB_shader_viewport_layer_array
01:22:06: GL_ARB_shading_language_100
01:22:06: GL_ARB_shading_language_420pack
01:22:06: GL_ARB_shading_language_include
01:22:06: GL_ARB_shading_language_packing
01:22:06: GL_ARB_shadow
01:22:06: GL_ARB_spirv_extensions
01:22:06: GL_ARB_stencil_texturing
01:22:06: GL_ARB_sync
01:22:06: GL_ARB_tessellation_shader
01:22:06: GL_ARB_texture_barrier
01:22:06: GL_ARB_texture_border_clamp
01:22:06: GL_ARB_texture_buffer_object
01:22:06: GL_ARB_texture_buffer_object_rgb32
01:22:06: GL_ARB_texture_buffer_range
01:22:06: GL_ARB_texture_compression
01:22:06: GL_ARB_texture_compression_bptc
01:22:06: GL_ARB_texture_compression_rgtc
01:22:06: GL_ARB_texture_cube_map
01:22:06: GL_ARB_texture_cube_map_array
01:22:06: GL_ARB_texture_env_add
01:22:06: GL_ARB_texture_env_combine
01:22:06: GL_ARB_texture_env_crossbar
01:22:06: GL_ARB_texture_env_dot3
01:22:06: GL_ARB_texture_filter_anisotropic
01:22:06: GL_ARB_texture_float
01:22:06: GL_ARB_texture_gather
01:22:06: GL_ARB_texture_mirror_clamp_to_edge
01:22:06: GL_ARB_texture_mirrored_repeat
01:22:06: GL_ARB_texture_multisample
01:22:06: GL_ARB_texture_non_power_of_two
01:22:06: GL_ARB_texture_query_levels
01:22:06: GL_ARB_texture_query_lod
01:22:06: GL_ARB_texture_rectangle
01:22:06: GL_ARB_texture_rg
01:22:06: GL_ARB_texture_rgb10_a2ui
01:22:06: GL_ARB_texture_stencil8
01:22:06: GL_ARB_texture_storage
01:22:06: GL_ARB_texture_storage_multisample
01:22:06: GL_ARB_texture_swizzle
01:22:06: GL_ARB_texture_view
01:22:06: GL_ARB_timer_query
01:22:06: GL_ARB_transform_feedback2
01:22:06: GL_ARB_transform_feedback3
01:22:06: GL_ARB_transform_feedback_instanced
01:22:06: GL_ARB_transform_feedback_overflow_query
01:22:06: GL_ARB_transpose_matrix
01:22:06: GL_ARB_uniform_buffer_object
01:22:06: GL_ARB_vertex_array_bgra
01:22:06: GL_ARB_vertex_array_object
01:22:06: GL_ARB_vertex_attrib_64bit
01:22:06: GL_ARB_vertex_attrib_binding
01:22:06: GL_ARB_vertex_buffer_object
01:22:06: GL_ARB_vertex_program
01:22:06: GL_ARB_vertex_shader
01:22:06: GL_ARB_vertex_type_10f_11f_11f_rev
01:22:06: GL_ARB_vertex_type_2_10_10_10_rev
01:22:06: GL_ARB_viewport_array
01:22:06: GL_ARB_window_pos
01:22:06: GL_ATI_blend_equation_separate
01:22:06: GL_ATI_draw_buffers
01:22:06: GL_ATI_fragment_shader
01:22:06: GL_ATI_separate_stencil
01:22:06: GL_ATI_texture_compression_3dc
01:22:06: GL_ATI_texture_env_combine3
01:22:06: GL_ATI_texture_float
01:22:06: GL_EXT_EGL_image_storage
01:22:06: GL_EXT_EGL_image_storage_compression
01:22:06: GL_EXT_EGL_sync
01:22:06: GL_EXT_abgr
01:22:06: GL_EXT_bgra
01:22:06: GL_EXT_blend_color
01:22:06: GL_EXT_blend_equation_separate
01:22:06: GL_EXT_blend_func_separate
01:22:06: GL_EXT_blend_minmax
01:22:06: GL_EXT_blend_subtract
01:22:06: GL_EXT_compiled_vertex_array
01:22:06: GL_EXT_copy_texture
01:22:06: GL_EXT_debug_label
01:22:06: GL_EXT_demote_to_helper_invocation
01:22:06: GL_EXT_depth_bounds_test
01:22:06: GL_EXT_direct_state_access
01:22:06: GL_EXT_draw_buffers2
01:22:06: GL_EXT_draw_instanced
01:22:06: GL_EXT_draw_range_elements
01:22:06: GL_EXT_fog_coord
01:22:06: GL_EXT_framebuffer_blit
01:22:06: GL_EXT_framebuffer_multisample
01:22:06: GL_EXT_framebuffer_multisample_blit_scaled
01:22:06: GL_EXT_framebuffer_object
01:22:06: GL_EXT_framebuffer_sRGB
01:22:06: GL_EXT_gpu_program_parameters
01:22:06: GL_EXT_gpu_shader4
01:22:06: GL_EXT_memory_object
01:22:06: GL_EXT_memory_object_fd
01:22:06: GL_EXT_multi_draw_arrays
01:22:06: GL_EXT_packed_depth_stencil
01:22:06: GL_EXT_packed_float
01:22:06: GL_EXT_packed_pixels
01:22:06: GL_EXT_pixel_buffer_object
01:22:06: GL_EXT_point_parameters
01:22:06: GL_EXT_polygon_offset_clamp
01:22:06: GL_EXT_provoking_vertex
01:22:06: GL_EXT_rescale_normal
01:22:06: GL_EXT_secondary_color
01:22:06: GL_EXT_semaphore
01:22:06: GL_EXT_semaphore_fd
01:22:06: GL_EXT_separate_specular_color
01:22:06: GL_EXT_shader_clock
01:22:06: GL_EXT_shader_framebuffer_fetch
01:22:06: GL_EXT_shader_framebuffer_fetch_non_coherent
01:22:06: GL_EXT_shader_integer_mix
01:22:06: GL_EXT_shader_samples_identical
01:22:06: GL_EXT_shadow_funcs
01:22:06: GL_EXT_stencil_two_side
01:22:06: GL_EXT_stencil_wrap
01:22:06: GL_EXT_subtexture
01:22:06: GL_EXT_texture
01:22:06: GL_EXT_texture3D
01:22:06: GL_EXT_texture_array
01:22:06: GL_EXT_texture_buffer_object
01:22:06: GL_EXT_texture_compression_dxt1
01:22:06: GL_EXT_texture_compression_latc
01:22:06: GL_EXT_texture_compression_rgtc
01:22:06: GL_EXT_texture_compression_s3tc
01:22:06: GL_EXT_texture_cube_map
01:22:06: GL_EXT_texture_edge_clamp
01:22:06: GL_EXT_texture_env_add
01:22:06: GL_EXT_texture_env_combine
01:22:06: GL_EXT_texture_env_dot3
01:22:06: GL_EXT_texture_filter_anisotropic
01:22:06: GL_EXT_texture_integer
01:22:06: GL_EXT_texture_lod_bias
01:22:06: GL_EXT_texture_object
01:22:06: GL_EXT_texture_rectangle
01:22:06: GL_EXT_texture_sRGB
01:22:06: GL_EXT_texture_sRGB_R8
01:22:06: GL_EXT_texture_sRGB_decode
01:22:06: GL_EXT_texture_shadow_lod
01:22:06: GL_EXT_texture_shared_exponent
01:22:06: GL_EXT_texture_snorm
01:22:06: GL_EXT_texture_storage
01:22:06: GL_EXT_texture_swizzle
01:22:06: GL_EXT_timer_query
01:22:06: GL_EXT_transform_feedback
01:22:06: GL_EXT_vertex_array
01:22:06: GL_EXT_vertex_array_bgra
01:22:06: GL_EXT_vertex_attrib_64bit
01:22:06: GL_IBM_multimode_draw_arrays
01:22:06: GL_IBM_rasterpos_clip
01:22:06: GL_IBM_texture_mirrored_repeat
01:22:06: GL_INGR_blend_func_separate
01:22:06: GL_INTEL_blackhole_render
01:22:06: GL_INTEL_performance_query
01:22:06: GL_INTEL_shader_atomic_float_minmax
01:22:06: GL_INTEL_shader_integer_functions2
01:22:06: GL_KHR_blend_equation_advanced
01:22:06: GL_KHR_blend_equation_advanced_coherent
01:22:06: GL_KHR_context_flush_control
01:22:06: GL_KHR_debug
01:22:06: GL_KHR_no_error
01:22:06: GL_KHR_parallel_shader_compile
01:22:06: GL_KHR_robust_buffer_access_behavior
01:22:06: GL_KHR_robustness
01:22:06: GL_KHR_texture_compression_astc_ldr
01:22:06: GL_KHR_texture_compression_astc_sliced_3d
01:22:06: GL_MESA_framebuffer_flip_y
01:22:06: GL_MESA_pack_invert
01:22:06: GL_MESA_shader_integer_functions
01:22:06: GL_MESA_texture_const_bandwidth
01:22:06: GL_MESA_texture_signed_rgba
01:22:06: GL_MESA_window_pos
01:22:06: GL_NV_ES1_1_compatibility
01:22:06: GL_NV_alpha_to_coverage_dither_control
01:22:06: GL_NV_blend_square
01:22:06: GL_NV_compute_shader_derivatives
01:22:06: GL_NV_conditional_render
01:22:06: GL_NV_copy_image
01:22:06: GL_NV_depth_clamp
01:22:06: GL_NV_fog_distance
01:22:06: GL_NV_fragment_shader_interlock
01:22:06: GL_NV_half_float
01:22:06: GL_NV_light_max_exponent
01:22:06: GL_NV_packed_depth_stencil
01:22:06: GL_NV_primitive_restart
01:22:06: GL_NV_texgen_reflection
01:22:06: GL_NV_texture_barrier
01:22:06: GL_NV_texture_env_combine4
01:22:06: GL_NV_texture_rectangle
01:22:06: GL_OES_EGL_image
01:22:06: GL_OES_read_format
01:22:06: GL_S3_s3tc
01:22:06: GL_SGIS_generate_mipmap
01:22:06: GL_SGIS_texture_border_clamp
01:22:06: GL_SGIS_texture_edge_clamp
01:22:06: GL_SGIS_texture_lod
01:22:06: GL_SUN_multi_draw_arrays
01:22:06: **************************************
01:22:06: ***   OpenGL 3+ Renderer Started   ***
01:22:06: **************************************
01:22:06: Registering ResourceManager for type GpuProgram
01:22:06: RenderSystem capabilities
01:22:06: -------------------------
01:22:06: RenderSystem Name: OpenGL 3+ Rendering Subsystem
01:22:06: GPU Vendor: intel
01:22:06: Device Name: Mesa Intel(R) Graphics (ADL GT2)
01:22:06: Driver Version: 4.6.0.0
01:22:06:  * Fixed function pipeline: no
01:22:06:  * Hardware generation of mipmaps: no
01:22:06:  * Texture blending: yes
01:22:06:  * Anisotropic texture filtering: yes
01:22:06:  * Dot product texture operation: yes
01:22:06:  * Cube mapping: yes
01:22:06:  * Hardware stencil buffer: yes
01:22:06:    - Stencil depth: 8
01:22:06:    - Two sided stencil support: yes
01:22:06:    - Wrap stencil values: yes
01:22:06:  * Hardware vertex / index buffers: yes
01:22:06:  * 32-bit index buffers: yes
01:22:06:  * Vertex programs: yes
01:22:06:  * Number of floating-point constants for vertex programs: 16384
01:22:06:  * Number of integer constants for vertex programs: 16384
01:22:06:  * Number of boolean constants for vertex programs: 16384
01:22:06:  * Fragment programs: yes
01:22:06:  * Number of floating-point constants for fragment programs: 16384
01:22:06:  * Number of integer constants for fragment programs: 16384
01:22:06:  * Number of boolean constants for fragment programs: 16384
01:22:06:  * Geometry programs: yes
01:22:06:  * Number of floating-point constants for geometry programs: 16384
01:22:06:  * Number of integer constants for geometry programs: 16384
01:22:06:  * Number of boolean constants for geometry programs: 16384
01:22:06:  * Tessellation Hull programs: yes
01:22:06:  * Number of floating-point constants for tessellation hull programs: 16384
01:22:06:  * Number of integer constants for tessellation hull programs: 16384
01:22:06:  * Number of boolean constants for tessellation hull programs: 16384
01:22:06:  * Tessellation Domain programs: yes
01:22:06:  * Number of floating-point constants for tessellation domain programs: 16384
01:22:06:  * Number of integer constants for tessellation domain programs: 16384
01:22:06:  * Number of boolean constants for tessellation domain programs: 16384
01:22:06:  * Compute programs: yes
01:22:06:  * Number of floating-point constants for compute programs: 16384
01:22:06:  * Number of integer constants for compute programs: 16384
01:22:06:  * Number of boolean constants for compute programs: 16384
01:22:06:  * Supported Shader Profiles: glsl glsl130 glsl140 glsl150 glsl330 glsl400 glsl410 glsl420 glsl430 glsl440
01:22:06:  * Texture Compression: yes
01:22:06:    - DXT: yes
01:22:06:    - VTC: no
01:22:06:    - PVRTC: no
01:22:06:    - ATC: no
01:22:06:    - ETC1: no
01:22:06:    - ETC2: yes
01:22:06:    - BC4/BC5: yes
01:22:06:    - BC6H/BC7: yes
01:22:06:    - ASTC: yes
01:22:06:  * Hardware Occlusion Query: yes
01:22:06:  * User clip planes: yes
01:22:06:  * VET_UBYTE4 vertex element type: yes
01:22:06:  * Infinite far plane projection: yes
01:22:06:  * Hardware render-to-texture: yes
01:22:06:  * Floating point textures: yes
01:22:06:  * Non-power-of-two textures: yes
01:22:06:  * 1d textures: yes
01:22:06:  * Volume textures: yes
01:22:06:  * Max Texture resolution (2D) 16384
01:22:06:  * Max Texture resolution (3D) 2048
01:22:06:  * Max Texture resolution (Cubemaps) 16384
01:22:06:  * Multiple Render Targets: 8
01:22:06:    - With different bit depths: yes
01:22:06:  * Point Sprites: yes
01:22:06:  * Extended point parameters: yes
01:22:06:  * Max Point Size: 255
01:22:06:  * Vertex texture fetch: yes
01:22:06:  * Number of world matrices: 0
01:22:06:  * Number of texture units: 16
01:22:06:  * Stencil buffer depth: 8
01:22:06:  * Number of vertex blend matrices: 0
01:22:06:    - Max vertex textures: 32
01:22:06:    - Vertex textures shared: yes
01:22:06:  * Render to Vertex Buffer : yes
01:22:06:  * Hardware Atomic Counters: yes
01:22:06:  * Compute max threads per threadgroup per axis: 1024, 1024, 64
01:22:06:  * Compute max threads per threadgroup total: 1024
01:22:06:  * GL 1.5 without VBO workaround: no
01:22:06:  * Frame Buffer objects: yes
01:22:06:  * Frame Buffer objects (ARB extension): no
01:22:06:  * Frame Buffer objects (ATI extension): no
01:22:06:  * PBuffer support: no
01:22:06:  * GL 1.5 without HW-occlusion workaround: no
01:22:06:  * Vertex Array Objects: yes
01:22:06:  * Separate shader objects: no
01:22:06:  * Using Reverse Z: yes
01:22:06: DefaultWorkQueue('Root') initialising on thread main.
01:22:06: Particle Renderer Type 'billboard' registered
01:22:06: Added resource location '/opt/ros/jazzy/opt/gz_rendering_vendor/share/gz/gz-rendering8/ogre2/media/2.0/scripts/Compositors' of type 'FileSystem' to resource group 'General'
01:22:06: Added resource location '/opt/ros/jazzy/opt/gz_rendering_vendor/share/gz/gz-rendering8/ogre2/media/2.0/scripts/materials/Common' of type 'FileSystem' to resource group 'General'
01:22:06: Added resource location '/opt/ros/jazzy/opt/gz_rendering_vendor/share/gz/gz-rendering8/ogre2/media/2.0/scripts/materials/Common/GLSL' of type 'FileSystem' to resource group 'General'
01:22:06: Added resource location '/opt/ros/jazzy/opt/gz_rendering_vendor/share/gz/gz-rendering8/ogre2/media/2.0/scripts/materials/Terra' of type 'FileSystem' to resource group 'General'
01:22:06: Added resource location '/opt/ros/jazzy/opt/gz_rendering_vendor/share/gz/gz-rendering8/ogre2/media/2.0/scripts/materials/Terra/GLSL' of type 'FileSystem' to resource group 'General'
01:22:06: HLMS Library path '/opt/ros/jazzy/opt/gz_rendering_vendor/share/gz/gz-rendering8/ogre2/media/Hlms/Gz' has no piece files. Are you sure you provided the right path with read access?
01:22:06: HLMS Library path '/opt/ros/jazzy/opt/gz_rendering_vendor/share/gz/gz-rendering8/ogre2/media/Hlms/Gz' has no piece files. Are you sure you provided the right path with read access?
01:22:06: Added resource location '/opt/ros/jazzy/opt/gz_rendering_vendor/share/gz/gz-rendering8/ogre2/media' of type 'FileSystem' to resource group 'General'
01:22:06: Added resource location '/opt/ros/jazzy/opt/gz_rendering_vendor/share/gz/gz-rendering8/ogre2/media/materials/programs' of type 'FileSystem' to resource group 'General'
01:22:06: Added resource location '/opt/ros/jazzy/opt/gz_rendering_vendor/share/gz/gz-rendering8/ogre2/media/materials/programs/GLSL' of type 'FileSystem' to resource group 'General'
01:22:06: Added resource location '/opt/ros/jazzy/opt/gz_rendering_vendor/share/gz/gz-rendering8/ogre2/media/materials/programs/Metal' of type 'FileSystem' to resource group 'General'
01:22:06: Added resource location '/opt/ros/jazzy/opt/gz_rendering_vendor/share/gz/gz-rendering8/ogre2/media/materials/scripts' of type 'FileSystem' to resource group 'General'
01:22:06: Added resource location '/opt/ros/jazzy/opt/gz_rendering_vendor/share/gz/gz-rendering8/ogre2/media/materials/textures' of type 'FileSystem' to resource group 'General'
01:22:06: Added resource location '/opt/ros/jazzy/opt/gz_rendering_vendor/share/gz/gz-rendering8/ogre2/media/Compute/Tools' of type 'FileSystem' to resource group 'General'
01:22:06: Added resource location '/opt/ros/jazzy/opt/gz_rendering_vendor/share/gz/gz-rendering8/ogre2/media/Compute/Tools/Any' of type 'FileSystem' to resource group 'General'
01:22:06: Added resource location '/opt/ros/jazzy/opt/gz_rendering_vendor/share/gz/gz-rendering8/ogre2/media/Compute/Tools/GLSL' of type 'FileSystem' to resource group 'General'
01:22:06: Added resource location '/opt/ros/jazzy/opt/gz_rendering_vendor/share/gz/gz-rendering8/ogre2/media/Compute/Tools/HLSL' of type 'FileSystem' to resource group 'General'
01:22:06: Added resource location '/opt/ros/jazzy/opt/gz_rendering_vendor/share/gz/gz-rendering8/ogre2/media/Compute/Tools/Metal' of type 'FileSystem' to resource group 'General'
01:22:06: Added resource location '/opt/ros/jazzy/opt/gz_rendering_vendor/share/gz/gz-rendering8/ogre2/media/VCT' of type 'FileSystem' to resource group 'General'
01:22:06: Added resource location '/opt/ros/jazzy/opt/gz_rendering_vendor/share/gz/gz-rendering8/ogre2/media/VCT/ImageVoxelizer' of type 'FileSystem' to resource group 'General'
01:22:06: Added resource location '/opt/ros/jazzy/opt/gz_rendering_vendor/share/gz/gz-rendering8/ogre2/media/VCT/Visualizer' of type 'FileSystem' to resource group 'General'
01:22:06: Added resource location '/opt/ros/jazzy/opt/gz_rendering_vendor/share/gz/gz-rendering8/ogre2/media/Hlms/Common/Any' of type 'FileSystem' to resource group 'General'
01:22:06: Added resource location '/opt/ros/jazzy/opt/gz_rendering_vendor/share/gz/gz-rendering8/ogre2/media/Hlms/Common/GLSL' of type 'FileSystem' to resource group 'General'
01:22:06: Added resource location '/opt/ros/jazzy/opt/gz_rendering_vendor/share/gz/gz-rendering8/ogre2/media/Hlms/Pbs/Any' of type 'FileSystem' to resource group 'General'
01:22:06: Parsing scripts for resource group Autodetect
01:22:06: Finished parsing scripts for resource group Autodetect
01:22:06: Creating resources for group Autodetect
01:22:06: All done
01:22:06: Parsing scripts for resource group General
01:22:06: Parsing script Quad.program
01:22:06: Parsing script picker.program
01:22:06: Parsing script EsmGaussianBlurLogFilter.material
01:22:06: Parsing script DPSM.material
01:22:06: Parsing script Copyback.material
01:22:06: Parsing script DepthUtils.material
01:22:06: Parsing script GpuNormalMapper.material
01:22:06: Parsing script gpu_rays.material
01:22:06: Parsing script skybox.material
01:22:06: Parsing script gaussian_noise.material
01:22:06: Parsing script picker.material
01:22:06: Parsing script thermal.material
01:22:06: Parsing script selection_buffer.material
01:22:06: Parsing script wide_angle_camera.material
01:22:06: Parsing script depth_camera.material
01:22:06: Parsing script point_cloud_point.material
01:22:06: Parsing script lens_flare.material
01:22:06: Parsing script VoxelVisualizer.material
01:22:06: Parsing script TerraShadowGenerator.compositor
01:22:06: Parsing script GpuNormalMapper.compositor
01:22:06: Parsing script GpuRays.compositor
01:22:06: Parsing script lens_flare.compositor
01:22:06: Parsing script wide_angle_camera.compositor
01:22:06: Parsing script VctTexDownsample.compositor
01:22:06: Parsing script Mipmaps.material.json
01:22:06: Parsing script EsmGaussianBlurLogFilter.material.json
01:22:06: Parsing script TerraShadowGenerator.material.json
01:22:06: Parsing script ClearUav.material.json
01:22:06: Parsing script Voxelizer.material.json
01:22:06: Finished parsing scripts for resource group General
01:22:06: Creating resources for group General
01:22:06: All done
01:22:06: Parsing scripts for resource group Internal
01:22:06: Finished parsing scripts for resource group Internal
01:22:06: Creating resources for group Internal
01:22:06: All done
01:22:06: Added resource location '/opt/ros/jazzy/opt/gz_rendering_vendor/share/gz/gz-rendering8/media/materials/textures/' of type 'FileSystem' to resource group 'General'
01:22:11: Added resource location '/////root/.gz/fuel/fuel.gazebosim.org/openrobotics/models/warehouse/5/meshes' of type 'FileSystem' to resource group 'General' with recursive option
01:22:11: Initialising resource group General
01:22:11: Added resource location '/root/.gz/fuel/fuel.gazebosim.org/openrobotics/models/warehouse/5/meshes/' of type 'FileSystem' to resource group 'General'
01:22:12: Can't assign material scene::Material(65423) because this Material does not exist. Have you forgotten to define it in a .material script?
01:22:12: Can't assign material scene::Material(65422) because this Material does not exist. Have you forgotten to define it in a .material script?
01:22:12: Can't assign material scene::Material(65421) because this Material does not exist. Have you forgotten to define it in a .material script?
01:22:12: Can't assign material scene::Material(65420) because this Material does not exist. Have you forgotten to define it in a .material script?
01:22:12: Can't assign material scene::Material(65419) because this Material does not exist. Have you forgotten to define it in a .material script?
01:22:12: Can't assign material scene::Material(65418) because this Material does not exist. Have you forgotten to define it in a .material script?
01:22:12: Can't assign material scene::Material(65417) because this Material does not exist. Have you forgotten to define it in a .material script?
01:22:12: Can't assign material scene::Material(65416) because this Material does not exist. Have you forgotten to define it in a .material script?
01:22:12: Can't assign material scene::Material(65415) because this Material does not exist. Have you forgotten to define it in a .material script?
01:22:12: Can't assign material scene::Material(65414) because this Material does not exist. Have you forgotten to define it in a .material script?
01:22:12: Can't assign material scene::Material(65413) because this Material does not exist. Have you forgotten to define it in a .material script?
01:22:12: Can't assign material scene::Material(65412) because this Material does not exist. Have you forgotten to define it in a .material script?
01:22:12: Can't assign material scene::Material(65411) because this Material does not exist. Have you forgotten to define it in a .material script?
01:22:12: Can't assign material scene::Material(65382) because this Material does not exist. Have you forgotten to define it in a .material script?
01:22:12: Added resource location '/////root/.gz/fuel/fuel.gazebosim.org/movai/models/shelf_big/2/meshes' of type 'FileSystem' to resource group 'General' with recursive option
01:22:12: Initialising resource group General
01:22:12: Added resource location '/root/.gz/fuel/fuel.gazebosim.org/movai/models/shelf_big/2/meshes/' of type 'FileSystem' to resource group 'General'
01:22:12: Texture memory budget exceeded. Stalling GPU.
01:22:12: Stalling was not enough. Freeing memory.
01:22:12: Can't assign material scene::Material(65377) because this Material does not exist. Have you forgotten to define it in a .material script?
01:22:12: Can't assign material scene::Material(65376) because this Material does not exist. Have you forgotten to define it in a .material script?
01:22:12: Can't assign material scene::Material(65375) because this Material does not exist. Have you forgotten to define it in a .material script?
01:22:12: Can't assign material scene::Material(65374) because this Material does not exist. Have you forgotten to define it in a .material script?
01:22:12: Can't assign material scene::Material(65377) because this Material does not exist. Have you forgotten to define it in a .material script?
01:22:12: Can't assign material scene::Material(65376) because this Material does not exist. Have you forgotten to define it in a .material script?
01:22:12: Can't assign material scene::Material(65375) because this Material does not exist. Have you forgotten to define it in a .material script?
01:22:12: Can't assign material scene::Material(65374) because this Material does not exist. Have you forgotten to define it in a .material script?
01:22:12: Can't assign material scene::Material(65377) because this Material does not exist. Have you forgotten to define it in a .material script?
01:22:12: Can't assign material scene::Material(65376) because this Material does not exist. Have you forgotten to define it in a .material script?
01:22:12: Can't assign material scene::Material(65375) because this Material does not exist. Have you forgotten to define it in a .material script?
01:22:12: Can't assign material scene::Material(65374) because this Material does not exist. Have you forgotten to define it in a .material script?
01:22:12: Added resource location '/////root/.gz/fuel/fuel.gazebosim.org/movai/models/shelf/1/meshes' of type 'FileSystem' to resource group 'General' with recursive option
01:22:12: Initialising resource group General
01:22:12: Added resource location '/root/.gz/fuel/fuel.gazebosim.org/movai/models/shelf/1/meshes/' of type 'FileSystem' to resource group 'General'
01:22:12: Can't assign material scene::Material(65343) because this Material does not exist. Have you forgotten to define it in a .material script?
01:22:12: Can't assign material scene::Material(65342) because this Material does not exist. Have you forgotten to define it in a .material script?
01:22:12: Can't assign material scene::Material(65341) because this Material does not exist. Have you forgotten to define it in a .material script?
01:22:12: Can't assign material scene::Material(65340) because this Material does not exist. Have you forgotten to define it in a .material script?
01:22:12: Can't assign material scene::Material(65343) because this Material does not exist. Have you forgotten to define it in a .material script?
01:22:12: Can't assign material scene::Material(65342) because this Material does not exist. Have you forgotten to define it in a .material script?
01:22:12: Can't assign material scene::Material(65341) because this Material does not exist. Have you forgotten to define it in a .material script?
01:22:12: Can't assign material scene::Material(65340) because this Material does not exist. Have you forgotten to define it in a .material script?
01:22:12: Can't assign material scene::Material(65343) because this Material does not exist. Have you forgotten to define it in a .material script?
01:22:12: Can't assign material scene::Material(65342) because this Material does not exist. Have you forgotten to define it in a .material script?
01:22:12: Can't assign material scene::Material(65341) because this Material does not exist. Have you forgotten to define it in a .material script?
01:22:12: Can't assign material scene::Material(65340) because this Material does not exist. Have you forgotten to define it in a .material script?
01:22:12: Can't assign material scene::Material(65343) because this Material does not exist. Have you forgotten to define it in a .material script?
01:22:12: Can't assign material scene::Material(65342) because this Material does not exist. Have you forgotten to define it in a .material script?
01:22:12: Can't assign material scene::Material(65341) because this Material does not exist. Have you forgotten to define it in a .material script?
01:22:12: Can't assign material scene::Material(65340) because this Material does not exist. Have you forgotten to define it in a .material script?
01:22:12: Can't assign material scene::Material(65343) because this Material does not exist. Have you forgotten to define it in a .material script?
01:22:12: Can't assign material scene::Material(65342) because this Material does not exist. Have you forgotten to define it in a .material script?
01:22:12: Can't assign material scene::Material(65341) because this Material does not exist. Have you forgotten to define it in a .material script?
01:22:12: Can't assign material scene::Material(65340) because this Material does not exist. Have you forgotten to define it in a .material script?
01:22:12: Can't assign material scene::Material(65377) because this Material does not exist. Have you forgotten to define it in a .material script?
01:22:12: Can't assign material scene::Material(65376) because this Material does not exist. Have you forgotten to define it in a .material script?
01:22:12: Can't assign material scene::Material(65375) because this Material does not exist. Have you forgotten to define it in a .material script?
01:22:12: Can't assign material scene::Material(65374) because this Material does not exist. Have you forgotten to define it in a .material script?
01:22:12: Can't assign material scene::Material(65377) because this Material does not exist. Have you forgotten to define it in a .material script?
01:22:12: Can't assign material scene::Material(65376) because this Material does not exist. Have you forgotten to define it in a .material script?
01:22:12: Can't assign material scene::Material(65375) because this Material does not exist. Have you forgotten to define it in a .material script?
01:22:12: Can't assign material scene::Material(65374) because this Material does not exist. Have you forgotten to define it in a .material script?
01:22:12: Can't assign material scene::Material(65343) because this Material does not exist. Have you forgotten to define it in a .material script?
01:22:12: Can't assign material scene::Material(65342) because this Material does not exist. Have you forgotten to define it in a .material script?
01:22:12: Can't assign material scene::Material(65341) because this Material does not exist. Have you forgotten to define it in a .material script?
01:22:12: Can't assign material scene::Material(65340) because this Material does not exist. Have you forgotten to define it in a .material script?
01:22:12: Can't assign material scene::Material(65343) because this Material does not exist. Have you forgotten to define it in a .material script?
01:22:12: Can't assign material scene::Material(65342) because this Material does not exist. Have you forgotten to define it in a .material script?
01:22:12: Can't assign material scene::Material(65341) because this Material does not exist. Have you forgotten to define it in a .material script?
01:22:12: Can't assign material scene::Material(65340) because this Material does not exist. Have you forgotten to define it in a .material script?
01:22:12: Can't assign material scene::Material(65343) because this Material does not exist. Have you forgotten to define it in a .material script?
01:22:12: Can't assign material scene::Material(65342) because this Material does not exist. Have you forgotten to define it in a .material script?
01:22:12: Can't assign material scene::Material(65341) because this Material does not exist. Have you forgotten to define it in a .material script?
01:22:12: Can't assign material scene::Material(65340) because this Material does not exist. Have you forgotten to define it in a .material script?
01:22:12: Added resource location '/////root/.gz/fuel/fuel.gazebosim.org/openrobotics/models/jersey barrier/6/meshes' of type 'FileSystem' to resource group 'General' with recursive option
01:22:12: Initialising resource group General
01:22:12: Added resource location '/root/.gz/fuel/fuel.gazebosim.org/openrobotics/models/jersey barrier/6/materials/textures/' of type 'FileSystem' to resource group 'General'
01:22:12: Texture memory budget exceeded. Stalling GPU.
01:22:12: Stalling was not enough. Freeing memory.
01:22:12: Can't assign material scene::Material(65239) because this Material does not exist. Have you forgotten to define it in a .material script?
01:22:12: Can't assign material scene::Material(65239) because this Material does not exist. Have you forgotten to define it in a .material script?
01:22:12: Can't assign material scene::Material(65239) because this Material does not exist. Have you forgotten to define it in a .material script?
01:22:12: Can't assign material scene::Material(65239) because this Material does not exist. Have you forgotten to define it in a .material script?
01:22:12: Added resource location '/root/.gz/fuel/fuel.gazebosim.org/openrobotics/models/chair/3/meshes' of type 'FileSystem' to resource group 'General' with recursive option
01:22:12: Initialising resource group General
01:22:12: Added resource location '/root/.gz/fuel/fuel.gazebosim.org/openrobotics/models/chair/3/meshes/' of type 'FileSystem' to resource group 'General'
01:22:12: WARNING: PBS Datablock '[Hash 0x8598821b]' Very low roughness values can cause NaNs in the pixel shader!
01:22:12: Can't assign material scene::Material(65222) because this Material does not exist. Have you forgotten to define it in a .material script?
01:22:12: WARNING: PBS Datablock '[Hash 0x771e8501]' Very low roughness values can cause NaNs in the pixel shader!
01:22:12: WARNING: PBS Datablock '[Hash 0xe719d87c]' Very low roughness values can cause NaNs in the pixel shader!
01:22:12: Can't assign material scene::Material(65222) because this Material does not exist. Have you forgotten to define it in a .material script?
01:22:12: WARNING: PBS Datablock '[Hash 0x9ebc9722]' Very low roughness values can cause NaNs in the pixel shader!
01:22:12: WARNING: PBS Datablock '[Hash 0xc645221e]' Very low roughness values can cause NaNs in the pixel shader!
01:22:12: Added resource location '/////root/.gz/fuel/fuel.gazebosim.org/openrobotics/models/foldable_chair/3/mesh' of type 'FileSystem' to resource group 'General' with recursive option
01:22:12: Initialising resource group General
01:22:12: Added resource location '/root/.gz/fuel/fuel.gazebosim.org/openrobotics/models/foldable_chair/3/mesh/' of type 'FileSystem' to resource group 'General'
01:22:12: Texture memory budget exceeded. Stalling GPU.
01:22:12: Stalling was not enough. Freeing memory.
01:22:12: Texture memory budget exceeded. Stalling GPU.
01:22:12: Stalling was not enough. Freeing memory.
01:22:12: Can't assign material scene::Material(65213) because this Material does not exist. Have you forgotten to define it in a .material script?
01:22:12: Can't assign material scene::Material(65213) because this Material does not exist. Have you forgotten to define it in a .material script?
01:22:12: Added resource location '/root/.gz/fuel/fuel.gazebosim.org/openrobotics/models/coffeetable/2/meshes' of type 'FileSystem' to resource group 'General' with recursive option
01:22:12: Initialising resource group General
01:22:12: Added resource location '/root/.gz/fuel/fuel.gazebosim.org/openrobotics/models/coffeetable/2/meshes/' of type 'FileSystem' to resource group 'General'
01:22:12: Texture memory budget exceeded. Stalling GPU.
01:22:12: Stalling was not enough. Freeing memory.
01:22:12: WARNING: PBS Datablock '[Hash 0x59dc60a5]' Very low roughness values can cause NaNs in the pixel shader!
01:22:12: Can't assign material scene::Material(65204) because this Material does not exist. Have you forgotten to define it in a .material script?
01:22:12: WARNING: PBS Datablock '[Hash 0xc5e3bb48]' Very low roughness values can cause NaNs in the pixel shader!
01:22:12: WARNING: PBS Datablock '[Hash 0x48c7ca07]' Very low roughness values can cause NaNs in the pixel shader!
01:22:12: Added resource location '/root/.gz/fuel/fuel.gazebosim.org/openrobotics/models/femalevisitorsit/2/meshes' of type 'FileSystem' to resource group 'General' with recursive option
01:22:12: Initialising resource group General
01:22:12: Added resource location '/root/.gz/fuel/fuel.gazebosim.org/openrobotics/models/femalevisitorsit/2/meshes/' of type 'FileSystem' to resource group 'General'
01:22:12: WARNING: PBS Datablock '[Hash 0xed2d354c]' Very low roughness values can cause NaNs in the pixel shader!
01:22:12: Texture memory budget exceeded. Stalling GPU.
01:22:12: Stalling was not enough. Freeing memory.
01:22:12: WARNING: PBS Datablock '[Hash 0xcd03b05a]' Very low roughness values can cause NaNs in the pixel shader!
01:22:12: Can't assign material scene::Material(65199) because this Material does not exist. Have you forgotten to define it in a .material script?
01:22:12: Can't assign material scene::Material(65198) because this Material does not exist. Have you forgotten to define it in a .material script?
01:22:12: WARNING: PBS Datablock '[Hash 0xd3ff3442]' Very low roughness values can cause NaNs in the pixel shader!
01:22:12: WARNING: PBS Datablock '[Hash 0x6475509f]' Very low roughness values can cause NaNs in the pixel shader!
01:22:12: WARNING: PBS Datablock '[Hash 0x4ed3c514]' Very low roughness values can cause NaNs in the pixel shader!
01:22:12: WARNING: PBS Datablock '[Hash 0xae656873]' Very low roughness values can cause NaNs in the pixel shader!
01:22:12: Added resource location '/root/.gz/fuel/fuel.gazebosim.org/openrobotics/models/malevisitoronphone/2/meshes' of type 'FileSystem' to resource group 'General' with recursive option
01:22:12: Initialising resource group General
01:22:12: Added resource location '/root/.gz/fuel/fuel.gazebosim.org/openrobotics/models/malevisitoronphone/2/meshes/' of type 'FileSystem' to resource group 'General'
01:22:12: Texture memory budget exceeded. Stalling GPU.
01:22:12: Stalling was not enough. Freeing memory.
01:22:12: WARNING: PBS Datablock '[Hash 0x69ca9c9c]' Very low roughness values can cause NaNs in the pixel shader!
01:22:12: WARNING: PBS Datablock '[Hash 0xf1114da6]' Very low roughness values can cause NaNs in the pixel shader!
01:22:12: Can't assign material scene::Material(65191) because this Material does not exist. Have you forgotten to define it in a .material script?
01:22:12: Can't assign material scene::Material(65190) because this Material does not exist. Have you forgotten to define it in a .material script?
01:22:12: WARNING: PBS Datablock '[Hash 0x117db039]' Very low roughness values can cause NaNs in the pixel shader!
01:22:12: WARNING: PBS Datablock '[Hash 0x261db7d1]' Very low roughness values can cause NaNs in the pixel shader!
01:22:12: WARNING: PBS Datablock '[Hash 0xa3cb3236]' Very low roughness values can cause NaNs in the pixel shader!
01:22:12: WARNING: PBS Datablock '[Hash 0x37d10464]' Very low roughness values can cause NaNs in the pixel shader!
01:22:12: Added resource location '/////root/.gz/fuel/fuel.gazebosim.org/plateau/models/casual female/1/meshes' of type 'FileSystem' to resource group 'General' with recursive option
01:22:12: Initialising resource group General
01:22:12: Added resource location '/root/.gz/fuel/fuel.gazebosim.org/plateau/models/casual female/1/materials/textures/' of type 'FileSystem' to resource group 'General'
01:22:12: Texture memory budget exceeded. Stalling GPU.
01:22:12: Stalling was not enough. Freeing memory.
01:22:12: Texture memory budget exceeded. Stalling GPU.
01:22:12: Stalling was not enough. Freeing memory.
01:22:12: Texture memory budget exceeded. Stalling GPU.
01:22:12: Stalling was not enough. Freeing memory.
01:22:12: Texture memory budget exceeded. Stalling GPU.
01:22:12: Stalling was not enough. Freeing memory.
01:22:12: Texture memory budget exceeded. Stalling GPU.
01:22:12: Stalling was not enough. Freeing memory.
01:22:13: Texture memory budget exceeded. Stalling GPU.
01:22:13: Stalling was not enough. Freeing memory.
01:22:13: Texture memory budget exceeded. Stalling GPU.
01:22:13: Stalling was not enough. Freeing memory.
01:22:13: Texture memory budget exceeded. Stalling GPU.
01:22:13: Stalling was not enough. Freeing memory.
01:22:13: Can't assign material scene::Material(65183) because this Material does not exist. Have you forgotten to define it in a .material script?
01:22:13: Can't assign material scene::Material(65182) because this Material does not exist. Have you forgotten to define it in a .material script?
01:22:13: Can't assign material scene::Material(65181) because this Material does not exist. Have you forgotten to define it in a .material script?
01:22:13: Can't assign material scene::Material(65180) because this Material does not exist. Have you forgotten to define it in a .material script?
01:22:13: Can't assign material scene::Material(65179) because this Material does not exist. Have you forgotten to define it in a .material script?
01:22:13: Can't assign material scene::Material(65178) because this Material does not exist. Have you forgotten to define it in a .material script?
01:22:13: Can't assign material scene::Material(65177) because this Material does not exist. Have you forgotten to define it in a .material script?
01:22:13: Can't assign material scene::Material(65176) because this Material does not exist. Have you forgotten to define it in a .material script?
01:22:13: Can't assign material scene::Material(65175) because this Material does not exist. Have you forgotten to define it in a .material script?
01:22:13: Added resource location '/opt/ros/jazzy/share/irobot_create_description/meshes/dock' of type 'FileSystem' to resource group 'General' with recursive option
01:22:13: Initialising resource group General
01:22:13: Can't assign material scene::Material(65154) because this Material does not exist. Have you forgotten to define it in a .material script?
01:22:13: Can't assign material scene::Material(65153) because this Material does not exist. Have you forgotten to define it in a .material script?
01:22:13: Added resource location '/opt/ros/jazzy/share/irobot_create_description/meshes' of type 'FileSystem' to resource group 'General' with recursive option
01:22:13: Initialising resource group General
01:22:13: Can't assign material scene::Material(65146) because this Material does not exist. Have you forgotten to define it in a .material script?
01:22:13: Can't assign material scene::Material(65145) because this Material does not exist. Have you forgotten to define it in a .material script?
01:22:14: Added resource location '/turtle_ws/install/turtlebot4_description/share/turtlebot4_description/meshes' of type 'FileSystem' to resource group 'General' with recursive option
01:22:14: Initialising resource group General
01:22:14: Can't assign material scene::Material(65138) because this Material does not exist. Have you forgotten to define it in a .material script?
01:22:14: Can't assign material scene::Material(65132) because this Material does not exist. Have you forgotten to define it in a .material script?
01:22:14: Can't assign material scene::Material(65126) because this Material does not exist. Have you forgotten to define it in a .material script?
01:22:14: Can't assign material scene::Material(65120) because this Material does not exist. Have you forgotten to define it in a .material script?
01:22:14: Can't assign material scene::Material(65120) because this Material does not exist. Have you forgotten to define it in a .material script?
01:22:14: Can't assign material scene::Material(65120) because this Material does not exist. Have you forgotten to define it in a .material script?
01:22:14: Can't assign material scene::Material(65120) because this Material does not exist. Have you forgotten to define it in a .material script?
01:22:14: Can't assign material scene::Material(65099) because this Material does not exist. Have you forgotten to define it in a .material script?
01:22:14: Can't assign material scene::Material(65099) because this Material does not exist. Have you forgotten to define it in a .material script?
01:22:14: Can't assign material scene::Material(65088) because this Material does not exist. Have you forgotten to define it in a .material script?
01:22:15: Can't assign material scene::Material(65082) because this Material does not exist. Have you forgotten to define it in a .material script?
01:22:15: Can't assign material scene::Material(65099) because this Material does not exist. Have you forgotten to define it in a .material script?
01:22:15: Can't assign material scene::Material(65099) because this Material does not exist. Have you forgotten to define it in a .material script?
01:22:15: Can't assign material scene::Material(65067) because this Material does not exist. Have you forgotten to define it in a .material script?
01:22:15: Can't assign material scene::Material(65061) because this Material does not exist. Have you forgotten to define it in a .material script?
01:22:15: Can't assign material scene::Material(65055) because this Material does not exist. Have you forgotten to define it in a .material script?
01:22:15: Can't assign material scene::Material(65055) because this Material does not exist. Have you forgotten to define it in a .material script?
01:22:15: Vertex Shader: 100000000VertexShader_vs
Fragment Shader: 100000000PixelShader_ps
 GLSL validation result : 
active samplers with a different type refer to the same texture image unit
